DEBUG - 2026-02-24 18:38:00 --> Session: Class initialized using 'CodeIgniter\Session\Handlers\FileHandler' driver.
DEBUG - 2026-02-24 18:38:02 --> Session: Class initialized using 'CodeIgniter\Session\Handlers\FileHandler' driver.
CRITICAL - 2026-02-24 18:38:02 --> CodeIgniter\Router\Exceptions\RouterException: The route for "login" cannot be found.
[Method: GET, Route: auth/register]
in SYSTEMPATH/Helpers/url_helper.php on line 512.
 1 SYSTEMPATH/Helpers/url_helper.php(512): CodeIgniter\Router\Exceptions\RouterException::forInvalidRoute()
 2 APPPATH/Views/user/register.php(145): url_to()
 3 SYSTEMPATH/View/View.php(226): include('/var/www/html/ci4/app/Views/user/register.php')
 4 SYSTEMPATH/View/View.php(229): CodeIgniter\View\View->{closure:CodeIgniter\View\View::render():223}()
 5 SYSTEMPATH/Common.php(1199): CodeIgniter\View\View->render()
 6 APPPATH/Controllers/Auth.php(14): view()
 7 SYSTEMPATH/CodeIgniter.php(933): App\Controllers\Auth->register()
 8 SYSTEMPATH/CodeIgniter.php(507): CodeIgniter\CodeIgniter->runController()
 9 SYSTEMPATH/CodeIgniter.php(354): CodeIgniter\CodeIgniter->handleRequest()
10 SYSTEMPATH/Boot.php(363): CodeIgniter\CodeIgniter->run()
11 SYSTEMPATH/Boot.php(68): CodeIgniter\Boot::runCodeIgniter()
12 FCPATH/index.php(60): CodeIgniter\Boot::bootWeb()
DEBUG - 2026-02-24 18:38:37 --> Session: Class initialized using 'CodeIgniter\Session\Handlers\FileHandler' driver.
DEBUG - 2026-02-24 18:50:41 --> Session: Class initialized using 'CodeIgniter\Session\Handlers\FileHandler' driver.
CRITICAL - 2026-02-24 18:50:41 --> CodeIgniter\Router\Exceptions\RouterException: The route for "formLogin" cannot be found.
[Method: GET, Route: auth/register]
in SYSTEMPATH/Helpers/url_helper.php on line 512.
 1 SYSTEMPATH/Helpers/url_helper.php(512): CodeIgniter\Router\Exceptions\RouterException::forInvalidRoute()
 2 APPPATH/Views/user/register.php(129): url_to()
 3 SYSTEMPATH/View/View.php(226): include('/var/www/html/ci4/app/Views/user/register.php')
 4 SYSTEMPATH/View/View.php(229): CodeIgniter\View\View->{closure:CodeIgniter\View\View::render():223}()
 5 SYSTEMPATH/Common.php(1199): CodeIgniter\View\View->render()
 6 APPPATH/Controllers/Auth.php(14): view()
 7 SYSTEMPATH/CodeIgniter.php(933): App\Controllers\Auth->register()
 8 SYSTEMPATH/CodeIgniter.php(507): CodeIgniter\CodeIgniter->runController()
 9 SYSTEMPATH/CodeIgniter.php(354): CodeIgniter\CodeIgniter->handleRequest()
10 SYSTEMPATH/Boot.php(363): CodeIgniter\CodeIgniter->run()
11 SYSTEMPATH/Boot.php(68): CodeIgniter\Boot::runCodeIgniter()
12 FCPATH/index.php(60): CodeIgniter\Boot::bootWeb()
DEBUG - 2026-02-24 18:51:10 --> Session: Class initialized using 'CodeIgniter\Session\Handlers\FileHandler' driver.
DEBUG - 2026-02-24 18:51:17 --> Session: Class initialized using 'CodeIgniter\Session\Handlers\FileHandler' driver.
CRITICAL - 2026-02-24 18:51:17 --> CodeIgniter\Router\Exceptions\RouterException: The route for "formLogin" cannot be found.
[Method: GET, Route: auth/register]
in SYSTEMPATH/Helpers/url_helper.php on line 512.
 1 SYSTEMPATH/Helpers/url_helper.php(512): CodeIgniter\Router\Exceptions\RouterException::forInvalidRoute()
 2 APPPATH/Views/user/register.php(129): url_to()
 3 SYSTEMPATH/View/View.php(226): include('/var/www/html/ci4/app/Views/user/register.php')
 4 SYSTEMPATH/View/View.php(229): CodeIgniter\View\View->{closure:CodeIgniter\View\View::render():223}()
 5 SYSTEMPATH/Common.php(1199): CodeIgniter\View\View->render()
 6 APPPATH/Controllers/Auth.php(14): view()
 7 SYSTEMPATH/CodeIgniter.php(933): App\Controllers\Auth->register()
 8 SYSTEMPATH/CodeIgniter.php(507): CodeIgniter\CodeIgniter->runController()
 9 SYSTEMPATH/CodeIgniter.php(354): CodeIgniter\CodeIgniter->handleRequest()
10 SYSTEMPATH/Boot.php(363): CodeIgniter\CodeIgniter->run()
11 SYSTEMPATH/Boot.php(68): CodeIgniter\Boot::runCodeIgniter()
12 FCPATH/index.php(60): CodeIgniter\Boot::bootWeb()
DEBUG - 2026-02-24 18:51:36 --> Session: Class initialized using 'CodeIgniter\Session\Handlers\FileHandler' driver.
CRITICAL - 2026-02-24 18:52:56 --> Error: Class "App\Model\PersonsModel" not found
[Method: POST, Route: auth/registerProcess]
in APPPATH/Controllers/Auth.php on line 53.
 1 SYSTEMPATH/CodeIgniter.php(933): App\Controllers\Auth->registerProcess()
 2 SYSTEMPATH/CodeIgniter.php(507): CodeIgniter\CodeIgniter->runController()
 3 SYSTEMPATH/CodeIgniter.php(354): CodeIgniter\CodeIgniter->handleRequest()
 4 SYSTEMPATH/Boot.php(363): CodeIgniter\CodeIgniter->run()
 5 SYSTEMPATH/Boot.php(68): CodeIgniter\Boot::runCodeIgniter()
 6 FCPATH/index.php(60): CodeIgniter\Boot::bootWeb()
CRITICAL - 2026-02-24 18:53:52 --> Error: Call to undefined method App\Controllers\Auth::password_hash()
[Method: POST, Route: auth/registerProcess]
in APPPATH/Controllers/Auth.php on line 59.
 1 SYSTEMPATH/CodeIgniter.php(933): App\Controllers\Auth->registerProcess()
 2 SYSTEMPATH/CodeIgniter.php(507): CodeIgniter\CodeIgniter->runController()
 3 SYSTEMPATH/CodeIgniter.php(354): CodeIgniter\CodeIgniter->handleRequest()
 4 SYSTEMPATH/Boot.php(363): CodeIgniter\CodeIgniter->run()
 5 SYSTEMPATH/Boot.php(68): CodeIgniter\Boot::runCodeIgniter()
 6 FCPATH/index.php(60): CodeIgniter\Boot::bootWeb()
CRITICAL - 2026-02-24 18:54:34 --> ArgumentCountError: password_hash() expects at least 2 arguments, 0 given
[Method: POST, Route: auth/registerProcess]
in APPPATH/Controllers/Auth.php on line 59.
 1 APPPATH/Controllers/Auth.php(59): password_hash()
 2 SYSTEMPATH/CodeIgniter.php(933): App\Controllers\Auth->registerProcess()
 3 SYSTEMPATH/CodeIgniter.php(507): CodeIgniter\CodeIgniter->runController()
 4 SYSTEMPATH/CodeIgniter.php(354): CodeIgniter\CodeIgniter->handleRequest()
 5 SYSTEMPATH/Boot.php(363): CodeIgniter\CodeIgniter->run()
 6 SYSTEMPATH/Boot.php(68): CodeIgniter\Boot::runCodeIgniter()
 7 FCPATH/index.php(60): CodeIgniter\Boot::bootWeb()
CRITICAL - 2026-02-24 18:54:43 --> ValueError: password_hash(): Argument #2 ($algo) must be a valid password hashing algorithm
[Method: POST, Route: auth/registerProcess]
in APPPATH/Controllers/Auth.php on line 59.
 1 APPPATH/Controllers/Auth.php(59): password_hash()
 2 SYSTEMPATH/CodeIgniter.php(933): App\Controllers\Auth->registerProcess()
 3 SYSTEMPATH/CodeIgniter.php(507): CodeIgniter\CodeIgniter->runController()
 4 SYSTEMPATH/CodeIgniter.php(354): CodeIgniter\CodeIgniter->handleRequest()
 5 SYSTEMPATH/Boot.php(363): CodeIgniter\CodeIgniter->run()
 6 SYSTEMPATH/Boot.php(68): CodeIgniter\Boot::runCodeIgniter()
 7 FCPATH/index.php(60): CodeIgniter\Boot::bootWeb()
CRITICAL - 2026-02-24 18:54:56 --> ValueError: password_hash(): Argument #2 ($algo) must be a valid password hashing algorithm
[Method: POST, Route: auth/registerProcess]
in APPPATH/Controllers/Auth.php on line 59.
 1 APPPATH/Controllers/Auth.php(59): password_hash()
 2 SYSTEMPATH/CodeIgniter.php(933): App\Controllers\Auth->registerProcess()
 3 SYSTEMPATH/CodeIgniter.php(507): CodeIgniter\CodeIgniter->runController()
 4 SYSTEMPATH/CodeIgniter.php(354): CodeIgniter\CodeIgniter->handleRequest()
 5 SYSTEMPATH/Boot.php(363): CodeIgniter\CodeIgniter->run()
 6 SYSTEMPATH/Boot.php(68): CodeIgniter\Boot::runCodeIgniter()
 7 FCPATH/index.php(60): CodeIgniter\Boot::bootWeb()
CRITICAL - 2026-02-24 18:54:57 --> ValueError: password_hash(): Argument #2 ($algo) must be a valid password hashing algorithm
[Method: POST, Route: auth/registerProcess]
in APPPATH/Controllers/Auth.php on line 59.
 1 APPPATH/Controllers/Auth.php(59): password_hash()
 2 SYSTEMPATH/CodeIgniter.php(933): App\Controllers\Auth->registerProcess()
 3 SYSTEMPATH/CodeIgniter.php(507): CodeIgniter\CodeIgniter->runController()
 4 SYSTEMPATH/CodeIgniter.php(354): CodeIgniter\CodeIgniter->handleRequest()
 5 SYSTEMPATH/Boot.php(363): CodeIgniter\CodeIgniter->run()
 6 SYSTEMPATH/Boot.php(68): CodeIgniter\Boot::runCodeIgniter()
 7 FCPATH/index.php(60): CodeIgniter\Boot::bootWeb()
CRITICAL - 2026-02-24 18:55:15 --> ValueError: password_hash(): Argument #2 ($algo) must be a valid password hashing algorithm
[Method: POST, Route: auth/registerProcess]
in APPPATH/Controllers/Auth.php on line 59.
 1 APPPATH/Controllers/Auth.php(59): password_hash()
 2 SYSTEMPATH/CodeIgniter.php(933): App\Controllers\Auth->registerProcess()
 3 SYSTEMPATH/CodeIgniter.php(507): CodeIgniter\CodeIgniter->runController()
 4 SYSTEMPATH/CodeIgniter.php(354): CodeIgniter\CodeIgniter->handleRequest()
 5 SYSTEMPATH/Boot.php(363): CodeIgniter\CodeIgniter->run()
 6 SYSTEMPATH/Boot.php(68): CodeIgniter\Boot::runCodeIgniter()
 7 FCPATH/index.php(60): CodeIgniter\Boot::bootWeb()
CRITICAL - 2026-02-24 18:55:38 --> ValueError: password_hash(): Argument #2 ($algo) must be a valid password hashing algorithm
[Method: POST, Route: auth/registerProcess]
in APPPATH/Controllers/Auth.php on line 59.
 1 APPPATH/Controllers/Auth.php(59): password_hash()
 2 SYSTEMPATH/CodeIgniter.php(933): App\Controllers\Auth->registerProcess()
 3 SYSTEMPATH/CodeIgniter.php(507): CodeIgniter\CodeIgniter->runController()
 4 SYSTEMPATH/CodeIgniter.php(354): CodeIgniter\CodeIgniter->handleRequest()
 5 SYSTEMPATH/Boot.php(363): CodeIgniter\CodeIgniter->run()
 6 SYSTEMPATH/Boot.php(68): CodeIgniter\Boot::runCodeIgniter()
 7 FCPATH/index.php(60): CodeIgniter\Boot::bootWeb()
DEBUG - 2026-02-24 19:01:32 --> Session: Class initialized using 'CodeIgniter\Session\Handlers\FileHandler' driver.
DEBUG - 2026-02-24 19:01:36 --> Session: Class initialized using 'CodeIgniter\Session\Handlers\FileHandler' driver.
DEBUG - 2026-02-24 19:08:43 --> Session: Class initialized using 'CodeIgniter\Session\Handlers\FileHandler' driver.
DEBUG - 2026-02-24 19:08:45 --> Session: Class initialized using 'CodeIgniter\Session\Handlers\FileHandler' driver.
DEBUG - 2026-02-24 19:09:00 --> Session: Class initialized using 'CodeIgniter\Session\Handlers\FileHandler' driver.
DEBUG - 2026-02-24 19:09:00 --> Session: Class initialized using 'CodeIgniter\Session\Handlers\FileHandler' driver.
DEBUG - 2026-02-24 19:12:31 --> Session: Class initialized using 'CodeIgniter\Session\Handlers\FileHandler' driver.
DEBUG - 2026-02-24 19:12:32 --> Session: Class initialized using 'CodeIgniter\Session\Handlers\FileHandler' driver.
DEBUG - 2026-02-24 19:13:18 --> Session: Class initialized using 'CodeIgniter\Session\Handlers\FileHandler' driver.
DEBUG - 2026-02-24 19:17:56 --> Session: Class initialized using 'CodeIgniter\Session\Handlers\FileHandler' driver.
DEBUG - 2026-02-24 19:17:58 --> Session: Class initialized using 'CodeIgniter\Session\Handlers\FileHandler' driver.
ERROR - 2026-02-24 19:19:05 --> mysqli_sql_exception: Duplicate entry '7121895039' for key 'persons.PRIMARY' in /var/www/html/ci4/system/Database/MySQLi/Connection.php:327
Stack trace:
#0 /var/www/html/ci4/system/Database/MySQLi/Connection.php(327): mysqli->query()
#1 /var/www/html/ci4/system/Database/BaseConnection.php(729): CodeIgniter\Database\MySQLi\Connection->execute()
#2 /var/www/html/ci4/system/Database/BaseConnection.php(646): CodeIgniter\Database\BaseConnection->simpleQuery()
#3 /var/www/html/ci4/system/Database/BaseBuilder.php(2345): CodeIgniter\Database\BaseConnection->query()
#4 /var/www/html/ci4/system/Model.php(394): CodeIgniter\Database\BaseBuilder->insert()
#5 /var/www/html/ci4/system/BaseModel.php(838): CodeIgniter\Model->doInsert()
#6 /var/www/html/ci4/system/Model.php(797): CodeIgniter\BaseModel->insert()
#7 /var/www/html/ci4/app/Controllers/Auth.php(72): CodeIgniter\Model->insert()
#8 /var/www/html/ci4/system/CodeIgniter.php(933): App\Controllers\Auth->registerProcess()
#9 /var/www/html/ci4/system/CodeIgniter.php(507): CodeIgniter\CodeIgniter->runController()
#10 /var/www/html/ci4/system/CodeIgniter.php(354): CodeIgniter\CodeIgniter->handleRequest()
#11 /var/www/html/ci4/system/Boot.php(363): CodeIgniter\CodeIgniter->run()
#12 /var/www/html/ci4/system/Boot.php(68): CodeIgniter\Boot::runCodeIgniter()
#13 /var/www/html/ci4/index.php(60): CodeIgniter\Boot::bootWeb()
#14 {main}
ERROR - 2026-02-24 19:19:20 --> mysqli_sql_exception: Duplicate entry '7121895039' for key 'persons.PRIMARY' in /var/www/html/ci4/system/Database/MySQLi/Connection.php:327
Stack trace:
#0 /var/www/html/ci4/system/Database/MySQLi/Connection.php(327): mysqli->query()
#1 /var/www/html/ci4/system/Database/BaseConnection.php(729): CodeIgniter\Database\MySQLi\Connection->execute()
#2 /var/www/html/ci4/system/Database/BaseConnection.php(646): CodeIgniter\Database\BaseConnection->simpleQuery()
#3 /var/www/html/ci4/system/Database/BaseBuilder.php(2345): CodeIgniter\Database\BaseConnection->query()
#4 /var/www/html/ci4/system/Model.php(394): CodeIgniter\Database\BaseBuilder->insert()
#5 /var/www/html/ci4/system/BaseModel.php(838): CodeIgniter\Model->doInsert()
#6 /var/www/html/ci4/system/Model.php(797): CodeIgniter\BaseModel->insert()
#7 /var/www/html/ci4/app/Controllers/Auth.php(72): CodeIgniter\Model->insert()
#8 /var/www/html/ci4/system/CodeIgniter.php(933): App\Controllers\Auth->registerProcess()
#9 /var/www/html/ci4/system/CodeIgniter.php(507): CodeIgniter\CodeIgniter->runController()
#10 /var/www/html/ci4/system/CodeIgniter.php(354): CodeIgniter\CodeIgniter->handleRequest()
#11 /var/www/html/ci4/system/Boot.php(363): CodeIgniter\CodeIgniter->run()
#12 /var/www/html/ci4/system/Boot.php(68): CodeIgniter\Boot::runCodeIgniter()
#13 /var/www/html/ci4/index.php(60): CodeIgniter\Boot::bootWeb()
#14 {main}
ERROR - 2026-02-24 19:21:55 --> mysqli_sql_exception: Duplicate entry '7121895039' for key 'persons.PRIMARY' in /var/www/html/ci4/system/Database/MySQLi/Connection.php:327
Stack trace:
#0 /var/www/html/ci4/system/Database/MySQLi/Connection.php(327): mysqli->query()
#1 /var/www/html/ci4/system/Database/BaseConnection.php(729): CodeIgniter\Database\MySQLi\Connection->execute()
#2 /var/www/html/ci4/system/Database/BaseConnection.php(646): CodeIgniter\Database\BaseConnection->simpleQuery()
#3 /var/www/html/ci4/system/Database/BaseBuilder.php(2345): CodeIgniter\Database\BaseConnection->query()
#4 /var/www/html/ci4/system/Model.php(394): CodeIgniter\Database\BaseBuilder->insert()
#5 /var/www/html/ci4/system/BaseModel.php(838): CodeIgniter\Model->doInsert()
#6 /var/www/html/ci4/system/Model.php(797): CodeIgniter\BaseModel->insert()
#7 /var/www/html/ci4/app/Controllers/Auth.php(72): CodeIgniter\Model->insert()
#8 /var/www/html/ci4/system/CodeIgniter.php(933): App\Controllers\Auth->registerProcess()
#9 /var/www/html/ci4/system/CodeIgniter.php(507): CodeIgniter\CodeIgniter->runController()
#10 /var/www/html/ci4/system/CodeIgniter.php(354): CodeIgniter\CodeIgniter->handleRequest()
#11 /var/www/html/ci4/system/Boot.php(363): CodeIgniter\CodeIgniter->run()
#12 /var/www/html/ci4/system/Boot.php(68): CodeIgniter\Boot::runCodeIgniter()
#13 /var/www/html/ci4/index.php(60): CodeIgniter\Boot::bootWeb()
#14 {main}
ERROR - 2026-02-24 19:22:30 --> mysqli_sql_exception: Duplicate entry '7121895039' for key 'persons.PRIMARY' in /var/www/html/ci4/system/Database/MySQLi/Connection.php:327
Stack trace:
#0 /var/www/html/ci4/system/Database/MySQLi/Connection.php(327): mysqli->query()
#1 /var/www/html/ci4/system/Database/BaseConnection.php(729): CodeIgniter\Database\MySQLi\Connection->execute()
#2 /var/www/html/ci4/system/Database/BaseConnection.php(646): CodeIgniter\Database\BaseConnection->simpleQuery()
#3 /var/www/html/ci4/system/Database/BaseBuilder.php(2345): CodeIgniter\Database\BaseConnection->query()
#4 /var/www/html/ci4/system/Model.php(394): CodeIgniter\Database\BaseBuilder->insert()
#5 /var/www/html/ci4/system/BaseModel.php(838): CodeIgniter\Model->doInsert()
#6 /var/www/html/ci4/system/Model.php(797): CodeIgniter\BaseModel->insert()
#7 /var/www/html/ci4/app/Controllers/Auth.php(72): CodeIgniter\Model->insert()
#8 /var/www/html/ci4/system/CodeIgniter.php(933): App\Controllers\Auth->registerProcess()
#9 /var/www/html/ci4/system/CodeIgniter.php(507): CodeIgniter\CodeIgniter->runController()
#10 /var/www/html/ci4/system/CodeIgniter.php(354): CodeIgniter\CodeIgniter->handleRequest()
#11 /var/www/html/ci4/system/Boot.php(363): CodeIgniter\CodeIgniter->run()
#12 /var/www/html/ci4/system/Boot.php(68): CodeIgniter\Boot::runCodeIgniter()
#13 /var/www/html/ci4/index.php(60): CodeIgniter\Boot::bootWeb()
#14 {main}
ERROR - 2026-02-24 19:26:28 --> mysqli_sql_exception: Duplicate entry '7121895039' for key 'persons.PRIMARY' in /var/www/html/ci4/system/Database/MySQLi/Connection.php:327
Stack trace:
#0 /var/www/html/ci4/system/Database/MySQLi/Connection.php(327): mysqli->query()
#1 /var/www/html/ci4/system/Database/BaseConnection.php(729): CodeIgniter\Database\MySQLi\Connection->execute()
#2 /var/www/html/ci4/system/Database/BaseConnection.php(646): CodeIgniter\Database\BaseConnection->simpleQuery()
#3 /var/www/html/ci4/system/Database/BaseBuilder.php(2345): CodeIgniter\Database\BaseConnection->query()
#4 /var/www/html/ci4/system/Model.php(394): CodeIgniter\Database\BaseBuilder->insert()
#5 /var/www/html/ci4/system/BaseModel.php(838): CodeIgniter\Model->doInsert()
#6 /var/www/html/ci4/system/Model.php(797): CodeIgniter\BaseModel->insert()
#7 /var/www/html/ci4/app/Controllers/Auth.php(72): CodeIgniter\Model->insert()
#8 /var/www/html/ci4/system/CodeIgniter.php(933): App\Controllers\Auth->registerProcess()
#9 /var/www/html/ci4/system/CodeIgniter.php(507): CodeIgniter\CodeIgniter->runController()
#10 /var/www/html/ci4/system/CodeIgniter.php(354): CodeIgniter\CodeIgniter->handleRequest()
#11 /var/www/html/ci4/system/Boot.php(363): CodeIgniter\CodeIgniter->run()
#12 /var/www/html/ci4/system/Boot.php(68): CodeIgniter\Boot::runCodeIgniter()
#13 /var/www/html/ci4/index.php(60): CodeIgniter\Boot::bootWeb()
#14 {main}
DEBUG - 2026-02-24 19:26:31 --> Session: Class initialized using 'CodeIgniter\Session\Handlers\FileHandler' driver.
DEBUG - 2026-02-24 19:33:22 --> Session: Class initialized using 'CodeIgniter\Session\Handlers\FileHandler' driver.
DEBUG - 2026-02-24 19:33:24 --> Session: Class initialized using 'CodeIgniter\Session\Handlers\FileHandler' driver.
CRITICAL - 2026-02-24 19:33:34 --> Error: Call to undefined method App\Controllers\Auth::getPost()
[Method: POST, Route: auth/login]
in APPPATH/Controllers/Auth.php on line 34.
 1 SYSTEMPATH/CodeIgniter.php(933): App\Controllers\Auth->processLogin()
 2 SYSTEMPATH/CodeIgniter.php(507): CodeIgniter\CodeIgniter->runController()
 3 SYSTEMPATH/CodeIgniter.php(354): CodeIgniter\CodeIgniter->handleRequest()
 4 SYSTEMPATH/Boot.php(363): CodeIgniter\CodeIgniter->run()
 5 SYSTEMPATH/Boot.php(68): CodeIgniter\Boot::runCodeIgniter()
 6 FCPATH/index.php(60): CodeIgniter\Boot::bootWeb()
