DEBUG - 2026-02-27 15:57:23 --> Session: Class initialized using 'CodeIgniter\Session\Handlers\FileHandler' driver.
DEBUG - 2026-02-27 15:58:23 --> Session: Class initialized using 'CodeIgniter\Session\Handlers\FileHandler' driver.
DEBUG - 2026-02-27 15:58:35 --> Session: Class initialized using 'CodeIgniter\Session\Handlers\FileHandler' driver.
DEBUG - 2026-02-27 15:58:35 --> Session: Class initialized using 'CodeIgniter\Session\Handlers\FileHandler' driver.
DEBUG - 2026-02-27 15:58:47 --> Session: Class initialized using 'CodeIgniter\Session\Handlers\FileHandler' driver.
DEBUG - 2026-02-27 15:58:54 --> Session: Class initialized using 'CodeIgniter\Session\Handlers\FileHandler' driver.
DEBUG - 2026-02-27 15:58:57 --> Session: Class initialized using 'CodeIgniter\Session\Handlers\FileHandler' driver.
ERROR - 2026-02-27 15:59:28 --> mysqli_sql_exception: Duplicate entry '7121895039' for key 'persons.PRIMARY' in /var/www/html/ci4/system/Database/MySQLi/Connection.php:327
Stack trace:
#0 /var/www/html/ci4/system/Database/MySQLi/Connection.php(327): mysqli->query()
#1 /var/www/html/ci4/system/Database/BaseConnection.php(729): CodeIgniter\Database\MySQLi\Connection->execute()
#2 /var/www/html/ci4/system/Database/BaseConnection.php(646): CodeIgniter\Database\BaseConnection->simpleQuery()
#3 /var/www/html/ci4/system/Database/BaseBuilder.php(2345): CodeIgniter\Database\BaseConnection->query()
#4 /var/www/html/ci4/system/Model.php(394): CodeIgniter\Database\BaseBuilder->insert()
#5 /var/www/html/ci4/system/BaseModel.php(838): CodeIgniter\Model->doInsert()
#6 /var/www/html/ci4/system/Model.php(797): CodeIgniter\BaseModel->insert()
#7 /var/www/html/ci4/app/Controllers/Auth.php(81): CodeIgniter\Model->insert()
#8 /var/www/html/ci4/system/CodeIgniter.php(933): App\Controllers\Auth->registerProcess()
#9 /var/www/html/ci4/system/CodeIgniter.php(507): CodeIgniter\CodeIgniter->runController()
#10 /var/www/html/ci4/system/CodeIgniter.php(354): CodeIgniter\CodeIgniter->handleRequest()
#11 /var/www/html/ci4/system/Boot.php(363): CodeIgniter\CodeIgniter->run()
#12 /var/www/html/ci4/system/Boot.php(68): CodeIgniter\Boot::runCodeIgniter()
#13 /var/www/html/ci4/index.php(60): CodeIgniter\Boot::bootWeb()
#14 {main}
DEBUG - 2026-02-27 15:59:47 --> Session: Class initialized using 'CodeIgniter\Session\Handlers\FileHandler' driver.
DEBUG - 2026-02-27 15:59:49 --> Session: Class initialized using 'CodeIgniter\Session\Handlers\FileHandler' driver.
DEBUG - 2026-02-27 16:00:57 --> Session: Class initialized using 'CodeIgniter\Session\Handlers\FileHandler' driver.
DEBUG - 2026-02-27 16:01:28 --> Session: Class initialized using 'CodeIgniter\Session\Handlers\FileHandler' driver.
CRITICAL - 2026-02-27 16:01:28 --> Error: Cannot use object of type CodeIgniter\Session\Session as array
[Method: POST, Route: auth/login]
in APPPATH/Controllers/Auth.php on line 43.
 1 SYSTEMPATH/CodeIgniter.php(933): App\Controllers\Auth->processLogin()
 2 SYSTEMPATH/CodeIgniter.php(507): CodeIgniter\CodeIgniter->runController()
 3 SYSTEMPATH/CodeIgniter.php(354): CodeIgniter\CodeIgniter->handleRequest()
 4 SYSTEMPATH/Boot.php(363): CodeIgniter\CodeIgniter->run()
 5 SYSTEMPATH/Boot.php(68): CodeIgniter\Boot::runCodeIgniter()
 6 FCPATH/index.php(60): CodeIgniter\Boot::bootWeb()
DEBUG - 2026-02-27 16:02:39 --> Session: Class initialized using 'CodeIgniter\Session\Handlers\FileHandler' driver.
DEBUG - 2026-02-27 16:11:34 --> Session: Class initialized using 'CodeIgniter\Session\Handlers\FileHandler' driver.
DEBUG - 2026-02-27 16:11:34 --> Session: Class initialized using 'CodeIgniter\Session\Handlers\FileHandler' driver.
CRITICAL - 2026-02-27 16:11:34 --> Error: Call to undefined method Config\Session::session()
[Method: GET, Route: admin/dashboard]
in APPPATH/Controllers/Admin.php on line 8.
 1 SYSTEMPATH/CodeIgniter.php(933): App\Controllers\Admin->dashboard()
 2 SYSTEMPATH/CodeIgniter.php(507): CodeIgniter\CodeIgniter->runController()
 3 SYSTEMPATH/CodeIgniter.php(354): CodeIgniter\CodeIgniter->handleRequest()
 4 SYSTEMPATH/Boot.php(363): CodeIgniter\CodeIgniter->run()
 5 SYSTEMPATH/Boot.php(68): CodeIgniter\Boot::runCodeIgniter()
 6 FCPATH/index.php(60): CodeIgniter\Boot::bootWeb()
DEBUG - 2026-02-27 16:12:44 --> Session: Class initialized using 'CodeIgniter\Session\Handlers\FileHandler' driver.
DEBUG - 2026-02-27 16:23:15 --> Session: Class initialized using 'CodeIgniter\Session\Handlers\FileHandler' driver.
CRITICAL - 2026-02-27 16:23:15 --> Error: Class "App\Controllers\Users" not found
[Method: GET, Route: admin/dashboard]
in APPPATH/Controllers/Admin.php on line 8.
 1 SYSTEMPATH/CodeIgniter.php(933): App\Controllers\Admin->dashboard()
 2 SYSTEMPATH/CodeIgniter.php(507): CodeIgniter\CodeIgniter->runController()
 3 SYSTEMPATH/CodeIgniter.php(354): CodeIgniter\CodeIgniter->handleRequest()
 4 SYSTEMPATH/Boot.php(363): CodeIgniter\CodeIgniter->run()
 5 SYSTEMPATH/Boot.php(68): CodeIgniter\Boot::runCodeIgniter()
 6 FCPATH/index.php(60): CodeIgniter\Boot::bootWeb()
DEBUG - 2026-02-27 16:23:26 --> Session: Class initialized using 'CodeIgniter\Session\Handlers\FileHandler' driver.
CRITICAL - 2026-02-27 16:23:26 --> Error: Class "App\Controllers\Users" not found
[Method: GET, Route: admin/dashboard]
in APPPATH/Controllers/Admin.php on line 8.
 1 SYSTEMPATH/CodeIgniter.php(933): App\Controllers\Admin->dashboard()
 2 SYSTEMPATH/CodeIgniter.php(507): CodeIgniter\CodeIgniter->runController()
 3 SYSTEMPATH/CodeIgniter.php(354): CodeIgniter\CodeIgniter->handleRequest()
 4 SYSTEMPATH/Boot.php(363): CodeIgniter\CodeIgniter->run()
 5 SYSTEMPATH/Boot.php(68): CodeIgniter\Boot::runCodeIgniter()
 6 FCPATH/index.php(60): CodeIgniter\Boot::bootWeb()
DEBUG - 2026-02-27 16:26:39 --> Session: Class initialized using 'CodeIgniter\Session\Handlers\FileHandler' driver.
ERROR - 2026-02-27 16:26:39 --> mysqli_sql_exception: Unknown column 'users.pk_phone' in 'on clause' in /var/www/html/ci4/system/Database/MySQLi/Connection.php:327
Stack trace:
#0 /var/www/html/ci4/system/Database/MySQLi/Connection.php(327): mysqli->query()
#1 /var/www/html/ci4/system/Database/BaseConnection.php(729): CodeIgniter\Database\MySQLi\Connection->execute()
#2 /var/www/html/ci4/system/Database/BaseConnection.php(646): CodeIgniter\Database\BaseConnection->simpleQuery()
#3 /var/www/html/ci4/system/Database/BaseBuilder.php(1649): CodeIgniter\Database\BaseConnection->query()
#4 /var/www/html/ci4/app/Models/Users.php(52): CodeIgniter\Database\BaseBuilder->get()
#5 /var/www/html/ci4/app/Controllers/Admin.php(10): App\Models\Users->getDataPerson()
#6 /var/www/html/ci4/system/CodeIgniter.php(933): App\Controllers\Admin->dashboard()
#7 /var/www/html/ci4/system/CodeIgniter.php(507): CodeIgniter\CodeIgniter->runController()
#8 /var/www/html/ci4/system/CodeIgniter.php(354): CodeIgniter\CodeIgniter->handleRequest()
#9 /var/www/html/ci4/system/Boot.php(363): CodeIgniter\CodeIgniter->run()
#10 /var/www/html/ci4/system/Boot.php(68): CodeIgniter\Boot::runCodeIgniter()
#11 /var/www/html/ci4/index.php(60): CodeIgniter\Boot::bootWeb()
#12 {main}
CRITICAL - 2026-02-27 16:26:39 --> CodeIgniter\Database\Exceptions\DatabaseException: Unknown column 'users.pk_phone' in 'on clause'
[Method: GET, Route: admin/dashboard]
in SYSTEMPATH/Database/BaseConnection.php on line 684.
 1 SYSTEMPATH/Database/BaseBuilder.php(1649): CodeIgniter\Database\BaseConnection->query()
 2 APPPATH/Models/Users.php(52): CodeIgniter\Database\BaseBuilder->get()
 3 APPPATH/Controllers/Admin.php(10): App\Models\Users->getDataPerson()
 4 SYSTEMPATH/CodeIgniter.php(933): App\Controllers\Admin->dashboard()
 5 SYSTEMPATH/CodeIgniter.php(507): CodeIgniter\CodeIgniter->runController()
 6 SYSTEMPATH/CodeIgniter.php(354): CodeIgniter\CodeIgniter->handleRequest()
 7 SYSTEMPATH/Boot.php(363): CodeIgniter\CodeIgniter->run()
 8 SYSTEMPATH/Boot.php(68): CodeIgniter\Boot::runCodeIgniter()
 9 FCPATH/index.php(60): CodeIgniter\Boot::bootWeb()
CRITICAL - 2026-02-27 16:26:39 --> [Caused by] CodeIgniter\Database\Exceptions\DatabaseException: Unknown column 'users.pk_phone' in 'on clause'
in SYSTEMPATH/Database/MySQLi/Connection.php on line 332.
 1 SYSTEMPATH/Database/BaseConnection.php(729): CodeIgniter\Database\MySQLi\Connection->execute()
 2 SYSTEMPATH/Database/BaseConnection.php(646): CodeIgniter\Database\BaseConnection->simpleQuery()
 3 SYSTEMPATH/Database/BaseBuilder.php(1649): CodeIgniter\Database\BaseConnection->query()
 4 APPPATH/Models/Users.php(52): CodeIgniter\Database\BaseBuilder->get()
 5 APPPATH/Controllers/Admin.php(10): App\Models\Users->getDataPerson()
 6 SYSTEMPATH/CodeIgniter.php(933): App\Controllers\Admin->dashboard()
 7 SYSTEMPATH/CodeIgniter.php(507): CodeIgniter\CodeIgniter->runController()
 8 SYSTEMPATH/CodeIgniter.php(354): CodeIgniter\CodeIgniter->handleRequest()
 9 SYSTEMPATH/Boot.php(363): CodeIgniter\CodeIgniter->run()
10 SYSTEMPATH/Boot.php(68): CodeIgniter\Boot::runCodeIgniter()
11 FCPATH/index.php(60): CodeIgniter\Boot::bootWeb()
CRITICAL - 2026-02-27 16:26:39 --> [Caused by] mysqli_sql_exception: Unknown column 'users.pk_phone' in 'on clause'
in SYSTEMPATH/Database/MySQLi/Connection.php on line 327.
 1 SYSTEMPATH/Database/MySQLi/Connection.php(327): mysqli->query()
 2 SYSTEMPATH/Database/BaseConnection.php(729): CodeIgniter\Database\MySQLi\Connection->execute()
 3 SYSTEMPATH/Database/BaseConnection.php(646): CodeIgniter\Database\BaseConnection->simpleQuery()
 4 SYSTEMPATH/Database/BaseBuilder.php(1649): CodeIgniter\Database\BaseConnection->query()
 5 APPPATH/Models/Users.php(52): CodeIgniter\Database\BaseBuilder->get()
 6 APPPATH/Controllers/Admin.php(10): App\Models\Users->getDataPerson()
 7 SYSTEMPATH/CodeIgniter.php(933): App\Controllers\Admin->dashboard()
 8 SYSTEMPATH/CodeIgniter.php(507): CodeIgniter\CodeIgniter->runController()
 9 SYSTEMPATH/CodeIgniter.php(354): CodeIgniter\CodeIgniter->handleRequest()
10 SYSTEMPATH/Boot.php(363): CodeIgniter\CodeIgniter->run()
11 SYSTEMPATH/Boot.php(68): CodeIgniter\Boot::runCodeIgniter()
12 FCPATH/index.php(60): CodeIgniter\Boot::bootWeb()
DEBUG - 2026-02-27 16:26:45 --> Session: Class initialized using 'CodeIgniter\Session\Handlers\FileHandler' driver.
ERROR - 2026-02-27 16:26:45 --> mysqli_sql_exception: Unknown column 'users.pk_phone' in 'on clause' in /var/www/html/ci4/system/Database/MySQLi/Connection.php:327
Stack trace:
#0 /var/www/html/ci4/system/Database/MySQLi/Connection.php(327): mysqli->query()
#1 /var/www/html/ci4/system/Database/BaseConnection.php(729): CodeIgniter\Database\MySQLi\Connection->execute()
#2 /var/www/html/ci4/system/Database/BaseConnection.php(646): CodeIgniter\Database\BaseConnection->simpleQuery()
#3 /var/www/html/ci4/system/Database/BaseBuilder.php(1649): CodeIgniter\Database\BaseConnection->query()
#4 /var/www/html/ci4/app/Models/Users.php(52): CodeIgniter\Database\BaseBuilder->get()
#5 /var/www/html/ci4/app/Controllers/Admin.php(10): App\Models\Users->getDataPerson()
#6 /var/www/html/ci4/system/CodeIgniter.php(933): App\Controllers\Admin->dashboard()
#7 /var/www/html/ci4/system/CodeIgniter.php(507): CodeIgniter\CodeIgniter->runController()
#8 /var/www/html/ci4/system/CodeIgniter.php(354): CodeIgniter\CodeIgniter->handleRequest()
#9 /var/www/html/ci4/system/Boot.php(363): CodeIgniter\CodeIgniter->run()
#10 /var/www/html/ci4/system/Boot.php(68): CodeIgniter\Boot::runCodeIgniter()
#11 /var/www/html/ci4/index.php(60): CodeIgniter\Boot::bootWeb()
#12 {main}
CRITICAL - 2026-02-27 16:26:45 --> CodeIgniter\Database\Exceptions\DatabaseException: Unknown column 'users.pk_phone' in 'on clause'
[Method: GET, Route: admin/dashboard]
in SYSTEMPATH/Database/BaseConnection.php on line 684.
 1 SYSTEMPATH/Database/BaseBuilder.php(1649): CodeIgniter\Database\BaseConnection->query()
 2 APPPATH/Models/Users.php(52): CodeIgniter\Database\BaseBuilder->get()
 3 APPPATH/Controllers/Admin.php(10): App\Models\Users->getDataPerson()
 4 SYSTEMPATH/CodeIgniter.php(933): App\Controllers\Admin->dashboard()
 5 SYSTEMPATH/CodeIgniter.php(507): CodeIgniter\CodeIgniter->runController()
 6 SYSTEMPATH/CodeIgniter.php(354): CodeIgniter\CodeIgniter->handleRequest()
 7 SYSTEMPATH/Boot.php(363): CodeIgniter\CodeIgniter->run()
 8 SYSTEMPATH/Boot.php(68): CodeIgniter\Boot::runCodeIgniter()
 9 FCPATH/index.php(60): CodeIgniter\Boot::bootWeb()
CRITICAL - 2026-02-27 16:26:45 --> [Caused by] CodeIgniter\Database\Exceptions\DatabaseException: Unknown column 'users.pk_phone' in 'on clause'
in SYSTEMPATH/Database/MySQLi/Connection.php on line 332.
 1 SYSTEMPATH/Database/BaseConnection.php(729): CodeIgniter\Database\MySQLi\Connection->execute()
 2 SYSTEMPATH/Database/BaseConnection.php(646): CodeIgniter\Database\BaseConnection->simpleQuery()
 3 SYSTEMPATH/Database/BaseBuilder.php(1649): CodeIgniter\Database\BaseConnection->query()
 4 APPPATH/Models/Users.php(52): CodeIgniter\Database\BaseBuilder->get()
 5 APPPATH/Controllers/Admin.php(10): App\Models\Users->getDataPerson()
 6 SYSTEMPATH/CodeIgniter.php(933): App\Controllers\Admin->dashboard()
 7 SYSTEMPATH/CodeIgniter.php(507): CodeIgniter\CodeIgniter->runController()
 8 SYSTEMPATH/CodeIgniter.php(354): CodeIgniter\CodeIgniter->handleRequest()
 9 SYSTEMPATH/Boot.php(363): CodeIgniter\CodeIgniter->run()
10 SYSTEMPATH/Boot.php(68): CodeIgniter\Boot::runCodeIgniter()
11 FCPATH/index.php(60): CodeIgniter\Boot::bootWeb()
CRITICAL - 2026-02-27 16:26:45 --> [Caused by] mysqli_sql_exception: Unknown column 'users.pk_phone' in 'on clause'
in SYSTEMPATH/Database/MySQLi/Connection.php on line 327.
 1 SYSTEMPATH/Database/MySQLi/Connection.php(327): mysqli->query()
 2 SYSTEMPATH/Database/BaseConnection.php(729): CodeIgniter\Database\MySQLi\Connection->execute()
 3 SYSTEMPATH/Database/BaseConnection.php(646): CodeIgniter\Database\BaseConnection->simpleQuery()
 4 SYSTEMPATH/Database/BaseBuilder.php(1649): CodeIgniter\Database\BaseConnection->query()
 5 APPPATH/Models/Users.php(52): CodeIgniter\Database\BaseBuilder->get()
 6 APPPATH/Controllers/Admin.php(10): App\Models\Users->getDataPerson()
 7 SYSTEMPATH/CodeIgniter.php(933): App\Controllers\Admin->dashboard()
 8 SYSTEMPATH/CodeIgniter.php(507): CodeIgniter\CodeIgniter->runController()
 9 SYSTEMPATH/CodeIgniter.php(354): CodeIgniter\CodeIgniter->handleRequest()
10 SYSTEMPATH/Boot.php(363): CodeIgniter\CodeIgniter->run()
11 SYSTEMPATH/Boot.php(68): CodeIgniter\Boot::runCodeIgniter()
12 FCPATH/index.php(60): CodeIgniter\Boot::bootWeb()
DEBUG - 2026-02-27 16:27:10 --> Session: Class initialized using 'CodeIgniter\Session\Handlers\FileHandler' driver.
DEBUG - 2026-02-27 16:27:25 --> Session: Class initialized using 'CodeIgniter\Session\Handlers\FileHandler' driver.
DEBUG - 2026-02-27 16:28:02 --> Session: Class initialized using 'CodeIgniter\Session\Handlers\FileHandler' driver.
DEBUG - 2026-02-27 16:28:04 --> Session: Class initialized using 'CodeIgniter\Session\Handlers\FileHandler' driver.
DEBUG - 2026-02-27 16:31:16 --> Session: Class initialized using 'CodeIgniter\Session\Handlers\FileHandler' driver.
DEBUG - 2026-02-27 16:32:34 --> Session: Class initialized using 'CodeIgniter\Session\Handlers\FileHandler' driver.
DEBUG - 2026-02-27 16:33:48 --> Session: Class initialized using 'CodeIgniter\Session\Handlers\FileHandler' driver.
DEBUG - 2026-02-27 16:33:49 --> Session: Class initialized using 'CodeIgniter\Session\Handlers\FileHandler' driver.
DEBUG - 2026-02-27 16:34:26 --> Session: Class initialized using 'CodeIgniter\Session\Handlers\FileHandler' driver.
DEBUG - 2026-02-27 16:34:26 --> Session: Class initialized using 'CodeIgniter\Session\Handlers\FileHandler' driver.
DEBUG - 2026-02-27 16:55:53 --> Session: Class initialized using 'CodeIgniter\Session\Handlers\FileHandler' driver.
DEBUG - 2026-02-27 16:55:53 --> Session: Class initialized using 'CodeIgniter\Session\Handlers\FileHandler' driver.
DEBUG - 2026-02-27 16:56:03 --> Session: Class initialized using 'CodeIgniter\Session\Handlers\FileHandler' driver.
DEBUG - 2026-02-27 16:56:03 --> Session: Class initialized using 'CodeIgniter\Session\Handlers\FileHandler' driver.
DEBUG - 2026-02-27 18:09:10 --> Session: Class initialized using 'CodeIgniter\Session\Handlers\FileHandler' driver.
CRITICAL - 2026-02-27 18:09:10 --> CodeIgniter\View\Exceptions\ViewException: Invalid file: "user/index.php"
[Method: GET, Route: admin]
in SYSTEMPATH/Exceptions/FrameworkException.php on line 39.
 1 SYSTEMPATH/View/View.php(214): CodeIgniter\Exceptions\FrameworkException::forInvalidFile()
 2 SYSTEMPATH/Common.php(1199): CodeIgniter\View\View->render()
 3 APPPATH/Controllers/Admin.php(30): view()
 4 SYSTEMPATH/CodeIgniter.php(933): App\Controllers\Admin->index()
 5 SYSTEMPATH/CodeIgniter.php(507): CodeIgniter\CodeIgniter->runController()
 6 SYSTEMPATH/CodeIgniter.php(354): CodeIgniter\CodeIgniter->handleRequest()
 7 SYSTEMPATH/Boot.php(363): CodeIgniter\CodeIgniter->run()
 8 SYSTEMPATH/Boot.php(68): CodeIgniter\Boot::runCodeIgniter()
 9 FCPATH/index.php(60): CodeIgniter\Boot::bootWeb()
DEBUG - 2026-02-27 18:10:17 --> Session: Class initialized using 'CodeIgniter\Session\Handlers\FileHandler' driver.
CRITICAL - 2026-02-27 18:10:17 --> CodeIgniter\View\Exceptions\ViewException: Invalid file: "user/index.php"
[Method: GET, Route: admin]
in SYSTEMPATH/Exceptions/FrameworkException.php on line 39.
 1 SYSTEMPATH/View/View.php(214): CodeIgniter\Exceptions\FrameworkException::forInvalidFile()
 2 SYSTEMPATH/Common.php(1199): CodeIgniter\View\View->render()
 3 APPPATH/Controllers/Admin.php(30): view()
 4 SYSTEMPATH/CodeIgniter.php(933): App\Controllers\Admin->index()
 5 SYSTEMPATH/CodeIgniter.php(507): CodeIgniter\CodeIgniter->runController()
 6 SYSTEMPATH/CodeIgniter.php(354): CodeIgniter\CodeIgniter->handleRequest()
 7 SYSTEMPATH/Boot.php(363): CodeIgniter\CodeIgniter->run()
 8 SYSTEMPATH/Boot.php(68): CodeIgniter\Boot::runCodeIgniter()
 9 FCPATH/index.php(60): CodeIgniter\Boot::bootWeb()
DEBUG - 2026-02-27 18:11:55 --> Session: Class initialized using 'CodeIgniter\Session\Handlers\FileHandler' driver.
CRITICAL - 2026-02-27 18:11:55 --> CodeIgniter\View\Exceptions\ViewException: Invalid file: "header_layout.php"
[Method: GET, Route: admin]
in SYSTEMPATH/Exceptions/FrameworkException.php on line 39.
 1 SYSTEMPATH/View/View.php(214): CodeIgniter\Exceptions\FrameworkException::forInvalidFile()
 2 SYSTEMPATH/View/View.php(242): CodeIgniter\View\View->render()
 3 SYSTEMPATH/Common.php(1199): CodeIgniter\View\View->render()
 4 APPPATH/Controllers/Admin.php(30): view()
 5 SYSTEMPATH/CodeIgniter.php(933): App\Controllers\Admin->index()
 6 SYSTEMPATH/CodeIgniter.php(507): CodeIgniter\CodeIgniter->runController()
 7 SYSTEMPATH/CodeIgniter.php(354): CodeIgniter\CodeIgniter->handleRequest()
 8 SYSTEMPATH/Boot.php(363): CodeIgniter\CodeIgniter->run()
 9 SYSTEMPATH/Boot.php(68): CodeIgniter\Boot::runCodeIgniter()
10 FCPATH/index.php(60): CodeIgniter\Boot::bootWeb()
DEBUG - 2026-02-27 18:11:57 --> Session: Class initialized using 'CodeIgniter\Session\Handlers\FileHandler' driver.
CRITICAL - 2026-02-27 18:11:57 --> CodeIgniter\View\Exceptions\ViewException: Invalid file: "header_layout.php"
[Method: GET, Route: admin]
in SYSTEMPATH/Exceptions/FrameworkException.php on line 39.
 1 SYSTEMPATH/View/View.php(214): CodeIgniter\Exceptions\FrameworkException::forInvalidFile()
 2 SYSTEMPATH/View/View.php(242): CodeIgniter\View\View->render()
 3 SYSTEMPATH/Common.php(1199): CodeIgniter\View\View->render()
 4 APPPATH/Controllers/Admin.php(30): view()
 5 SYSTEMPATH/CodeIgniter.php(933): App\Controllers\Admin->index()
 6 SYSTEMPATH/CodeIgniter.php(507): CodeIgniter\CodeIgniter->runController()
 7 SYSTEMPATH/CodeIgniter.php(354): CodeIgniter\CodeIgniter->handleRequest()
 8 SYSTEMPATH/Boot.php(363): CodeIgniter\CodeIgniter->run()
 9 SYSTEMPATH/Boot.php(68): CodeIgniter\Boot::runCodeIgniter()
10 FCPATH/index.php(60): CodeIgniter\Boot::bootWeb()
DEBUG - 2026-02-27 18:12:32 --> Session: Class initialized using 'CodeIgniter\Session\Handlers\FileHandler' driver.
DEBUG - 2026-02-27 18:12:50 --> Session: Class initialized using 'CodeIgniter\Session\Handlers\FileHandler' driver.
DEBUG - 2026-02-27 18:13:06 --> Session: Class initialized using 'CodeIgniter\Session\Handlers\FileHandler' driver.
DEBUG - 2026-02-27 18:13:11 --> Session: Class initialized using 'CodeIgniter\Session\Handlers\FileHandler' driver.
DEBUG - 2026-02-27 18:15:03 --> Session: Class initialized using 'CodeIgniter\Session\Handlers\FileHandler' driver.
CRITICAL - 2026-02-27 18:15:03 --> CodeIgniter\View\Exceptions\ViewException: Invalid file: "layheader_layout.php"
[Method: GET, Route: admin]
in SYSTEMPATH/Exceptions/FrameworkException.php on line 39.
 1 SYSTEMPATH/View/View.php(214): CodeIgniter\Exceptions\FrameworkException::forInvalidFile()
 2 SYSTEMPATH/View/View.php(242): CodeIgniter\View\View->render()
 3 SYSTEMPATH/Common.php(1199): CodeIgniter\View\View->render()
 4 APPPATH/Controllers/Admin.php(30): view()
 5 SYSTEMPATH/CodeIgniter.php(933): App\Controllers\Admin->index()
 6 SYSTEMPATH/CodeIgniter.php(507): CodeIgniter\CodeIgniter->runController()
 7 SYSTEMPATH/CodeIgniter.php(354): CodeIgniter\CodeIgniter->handleRequest()
 8 SYSTEMPATH/Boot.php(363): CodeIgniter\CodeIgniter->run()
 9 SYSTEMPATH/Boot.php(68): CodeIgniter\Boot::runCodeIgniter()
10 FCPATH/index.php(60): CodeIgniter\Boot::bootWeb()
DEBUG - 2026-02-27 18:15:19 --> Session: Class initialized using 'CodeIgniter\Session\Handlers\FileHandler' driver.
DEBUG - 2026-02-27 18:16:21 --> Session: Class initialized using 'CodeIgniter\Session\Handlers\FileHandler' driver.
DEBUG - 2026-02-27 18:49:54 --> Session: Class initialized using 'CodeIgniter\Session\Handlers\FileHandler' driver.
DEBUG - 2026-02-27 18:50:00 --> Session: Class initialized using 'CodeIgniter\Session\Handlers\FileHandler' driver.
