DEBUG - 2026-01-28 04:40:02 --> Session: Class initialized using 'CodeIgniter\Session\Handlers\FileHandler' driver.
DEBUG - 2026-01-28 04:40:22 --> Session: Class initialized using 'CodeIgniter\Session\Handlers\FileHandler' driver.
CRITICAL - 2026-01-28 04:40:22 --> Error: Class "App\Services\VehiculoService" not found
[Method: GET, Route: Vehiculos]
in APPPATH/Controllers/Vehiculo.php on line 7.
 1 SYSTEMPATH/CodeIgniter.php(933): App\Controllers\Vehiculo->index()
 2 SYSTEMPATH/CodeIgniter.php(507): CodeIgniter\CodeIgniter->runController()
 3 SYSTEMPATH/CodeIgniter.php(354): CodeIgniter\CodeIgniter->handleRequest()
 4 SYSTEMPATH/Boot.php(363): CodeIgniter\CodeIgniter->run()
 5 SYSTEMPATH/Boot.php(68): CodeIgniter\Boot::runCodeIgniter()
 6 FCPATH/index.php(60): CodeIgniter\Boot::bootWeb()
DEBUG - 2026-01-28 04:42:21 --> Session: Class initialized using 'CodeIgniter\Session\Handlers\FileHandler' driver.
CRITICAL - 2026-01-28 04:42:21 --> Error: Class "App\Services\VehiculoService" not found
[Method: GET, Route: Vehiculos]
in APPPATH/Controllers/Vehiculo.php on line 7.
 1 SYSTEMPATH/CodeIgniter.php(933): App\Controllers\Vehiculo->index()
 2 SYSTEMPATH/CodeIgniter.php(507): CodeIgniter\CodeIgniter->runController()
 3 SYSTEMPATH/CodeIgniter.php(354): CodeIgniter\CodeIgniter->handleRequest()
 4 SYSTEMPATH/Boot.php(363): CodeIgniter\CodeIgniter->run()
 5 SYSTEMPATH/Boot.php(68): CodeIgniter\Boot::runCodeIgniter()
 6 FCPATH/index.php(60): CodeIgniter\Boot::bootWeb()
DEBUG - 2026-01-28 04:42:22 --> Session: Class initialized using 'CodeIgniter\Session\Handlers\FileHandler' driver.
CRITICAL - 2026-01-28 04:42:22 --> Error: Class "App\Services\VehiculoService" not found
[Method: GET, Route: Vehiculos]
in APPPATH/Controllers/Vehiculo.php on line 7.
 1 SYSTEMPATH/CodeIgniter.php(933): App\Controllers\Vehiculo->index()
 2 SYSTEMPATH/CodeIgniter.php(507): CodeIgniter\CodeIgniter->runController()
 3 SYSTEMPATH/CodeIgniter.php(354): CodeIgniter\CodeIgniter->handleRequest()
 4 SYSTEMPATH/Boot.php(363): CodeIgniter\CodeIgniter->run()
 5 SYSTEMPATH/Boot.php(68): CodeIgniter\Boot::runCodeIgniter()
 6 FCPATH/index.php(60): CodeIgniter\Boot::bootWeb()
DEBUG - 2026-01-28 04:42:23 --> Session: Class initialized using 'CodeIgniter\Session\Handlers\FileHandler' driver.
CRITICAL - 2026-01-28 04:42:23 --> Error: Class "App\Services\VehiculoService" not found
[Method: GET, Route: Vehiculos]
in APPPATH/Controllers/Vehiculo.php on line 7.
 1 SYSTEMPATH/CodeIgniter.php(933): App\Controllers\Vehiculo->index()
 2 SYSTEMPATH/CodeIgniter.php(507): CodeIgniter\CodeIgniter->runController()
 3 SYSTEMPATH/CodeIgniter.php(354): CodeIgniter\CodeIgniter->handleRequest()
 4 SYSTEMPATH/Boot.php(363): CodeIgniter\CodeIgniter->run()
 5 SYSTEMPATH/Boot.php(68): CodeIgniter\Boot::runCodeIgniter()
 6 FCPATH/index.php(60): CodeIgniter\Boot::bootWeb()
DEBUG - 2026-01-28 04:42:23 --> Session: Class initialized using 'CodeIgniter\Session\Handlers\FileHandler' driver.
CRITICAL - 2026-01-28 04:42:23 --> Error: Class "App\Services\VehiculoService" not found
[Method: GET, Route: Vehiculos]
in APPPATH/Controllers/Vehiculo.php on line 7.
 1 SYSTEMPATH/CodeIgniter.php(933): App\Controllers\Vehiculo->index()
 2 SYSTEMPATH/CodeIgniter.php(507): CodeIgniter\CodeIgniter->runController()
 3 SYSTEMPATH/CodeIgniter.php(354): CodeIgniter\CodeIgniter->handleRequest()
 4 SYSTEMPATH/Boot.php(363): CodeIgniter\CodeIgniter->run()
 5 SYSTEMPATH/Boot.php(68): CodeIgniter\Boot::runCodeIgniter()
 6 FCPATH/index.php(60): CodeIgniter\Boot::bootWeb()
DEBUG - 2026-01-28 04:42:23 --> Session: Class initialized using 'CodeIgniter\Session\Handlers\FileHandler' driver.
CRITICAL - 2026-01-28 04:42:23 --> Error: Class "App\Services\VehiculoService" not found
[Method: GET, Route: Vehiculos]
in APPPATH/Controllers/Vehiculo.php on line 7.
 1 SYSTEMPATH/CodeIgniter.php(933): App\Controllers\Vehiculo->index()
 2 SYSTEMPATH/CodeIgniter.php(507): CodeIgniter\CodeIgniter->runController()
 3 SYSTEMPATH/CodeIgniter.php(354): CodeIgniter\CodeIgniter->handleRequest()
 4 SYSTEMPATH/Boot.php(363): CodeIgniter\CodeIgniter->run()
 5 SYSTEMPATH/Boot.php(68): CodeIgniter\Boot::runCodeIgniter()
 6 FCPATH/index.php(60): CodeIgniter\Boot::bootWeb()
DEBUG - 2026-01-28 04:42:23 --> Session: Class initialized using 'CodeIgniter\Session\Handlers\FileHandler' driver.
CRITICAL - 2026-01-28 04:42:23 --> Error: Class "App\Services\VehiculoService" not found
[Method: GET, Route: Vehiculos]
in APPPATH/Controllers/Vehiculo.php on line 7.
 1 SYSTEMPATH/CodeIgniter.php(933): App\Controllers\Vehiculo->index()
 2 SYSTEMPATH/CodeIgniter.php(507): CodeIgniter\CodeIgniter->runController()
 3 SYSTEMPATH/CodeIgniter.php(354): CodeIgniter\CodeIgniter->handleRequest()
 4 SYSTEMPATH/Boot.php(363): CodeIgniter\CodeIgniter->run()
 5 SYSTEMPATH/Boot.php(68): CodeIgniter\Boot::runCodeIgniter()
 6 FCPATH/index.php(60): CodeIgniter\Boot::bootWeb()
DEBUG - 2026-01-28 04:42:24 --> Session: Class initialized using 'CodeIgniter\Session\Handlers\FileHandler' driver.
CRITICAL - 2026-01-28 04:42:24 --> Error: Class "App\Services\VehiculoService" not found
[Method: GET, Route: Vehiculos]
in APPPATH/Controllers/Vehiculo.php on line 7.
 1 SYSTEMPATH/CodeIgniter.php(933): App\Controllers\Vehiculo->index()
 2 SYSTEMPATH/CodeIgniter.php(507): CodeIgniter\CodeIgniter->runController()
 3 SYSTEMPATH/CodeIgniter.php(354): CodeIgniter\CodeIgniter->handleRequest()
 4 SYSTEMPATH/Boot.php(363): CodeIgniter\CodeIgniter->run()
 5 SYSTEMPATH/Boot.php(68): CodeIgniter\Boot::runCodeIgniter()
 6 FCPATH/index.php(60): CodeIgniter\Boot::bootWeb()
DEBUG - 2026-01-28 04:42:24 --> Session: Class initialized using 'CodeIgniter\Session\Handlers\FileHandler' driver.
CRITICAL - 2026-01-28 04:42:24 --> Error: Class "App\Services\VehiculoService" not found
[Method: GET, Route: Vehiculos]
in APPPATH/Controllers/Vehiculo.php on line 7.
 1 SYSTEMPATH/CodeIgniter.php(933): App\Controllers\Vehiculo->index()
 2 SYSTEMPATH/CodeIgniter.php(507): CodeIgniter\CodeIgniter->runController()
 3 SYSTEMPATH/CodeIgniter.php(354): CodeIgniter\CodeIgniter->handleRequest()
 4 SYSTEMPATH/Boot.php(363): CodeIgniter\CodeIgniter->run()
 5 SYSTEMPATH/Boot.php(68): CodeIgniter\Boot::runCodeIgniter()
 6 FCPATH/index.php(60): CodeIgniter\Boot::bootWeb()
DEBUG - 2026-01-28 04:42:24 --> Session: Class initialized using 'CodeIgniter\Session\Handlers\FileHandler' driver.
CRITICAL - 2026-01-28 04:42:24 --> Error: Class "App\Services\VehiculoService" not found
[Method: GET, Route: Vehiculos]
in APPPATH/Controllers/Vehiculo.php on line 7.
 1 SYSTEMPATH/CodeIgniter.php(933): App\Controllers\Vehiculo->index()
 2 SYSTEMPATH/CodeIgniter.php(507): CodeIgniter\CodeIgniter->runController()
 3 SYSTEMPATH/CodeIgniter.php(354): CodeIgniter\CodeIgniter->handleRequest()
 4 SYSTEMPATH/Boot.php(363): CodeIgniter\CodeIgniter->run()
 5 SYSTEMPATH/Boot.php(68): CodeIgniter\Boot::runCodeIgniter()
 6 FCPATH/index.php(60): CodeIgniter\Boot::bootWeb()
DEBUG - 2026-01-28 04:42:24 --> Session: Class initialized using 'CodeIgniter\Session\Handlers\FileHandler' driver.
CRITICAL - 2026-01-28 04:42:24 --> Error: Class "App\Services\VehiculoService" not found
[Method: GET, Route: Vehiculos]
in APPPATH/Controllers/Vehiculo.php on line 7.
 1 SYSTEMPATH/CodeIgniter.php(933): App\Controllers\Vehiculo->index()
 2 SYSTEMPATH/CodeIgniter.php(507): CodeIgniter\CodeIgniter->runController()
 3 SYSTEMPATH/CodeIgniter.php(354): CodeIgniter\CodeIgniter->handleRequest()
 4 SYSTEMPATH/Boot.php(363): CodeIgniter\CodeIgniter->run()
 5 SYSTEMPATH/Boot.php(68): CodeIgniter\Boot::runCodeIgniter()
 6 FCPATH/index.php(60): CodeIgniter\Boot::bootWeb()
DEBUG - 2026-01-28 04:42:25 --> Session: Class initialized using 'CodeIgniter\Session\Handlers\FileHandler' driver.
CRITICAL - 2026-01-28 04:42:25 --> Error: Class "App\Services\VehiculoService" not found
[Method: GET, Route: Vehiculos]
in APPPATH/Controllers/Vehiculo.php on line 7.
 1 SYSTEMPATH/CodeIgniter.php(933): App\Controllers\Vehiculo->index()
 2 SYSTEMPATH/CodeIgniter.php(507): CodeIgniter\CodeIgniter->runController()
 3 SYSTEMPATH/CodeIgniter.php(354): CodeIgniter\CodeIgniter->handleRequest()
 4 SYSTEMPATH/Boot.php(363): CodeIgniter\CodeIgniter->run()
 5 SYSTEMPATH/Boot.php(68): CodeIgniter\Boot::runCodeIgniter()
 6 FCPATH/index.php(60): CodeIgniter\Boot::bootWeb()
DEBUG - 2026-01-28 04:42:25 --> Session: Class initialized using 'CodeIgniter\Session\Handlers\FileHandler' driver.
CRITICAL - 2026-01-28 04:42:25 --> Error: Class "App\Services\VehiculoService" not found
[Method: GET, Route: Vehiculos]
in APPPATH/Controllers/Vehiculo.php on line 7.
 1 SYSTEMPATH/CodeIgniter.php(933): App\Controllers\Vehiculo->index()
 2 SYSTEMPATH/CodeIgniter.php(507): CodeIgniter\CodeIgniter->runController()
 3 SYSTEMPATH/CodeIgniter.php(354): CodeIgniter\CodeIgniter->handleRequest()
 4 SYSTEMPATH/Boot.php(363): CodeIgniter\CodeIgniter->run()
 5 SYSTEMPATH/Boot.php(68): CodeIgniter\Boot::runCodeIgniter()
 6 FCPATH/index.php(60): CodeIgniter\Boot::bootWeb()
DEBUG - 2026-01-28 04:42:26 --> Session: Class initialized using 'CodeIgniter\Session\Handlers\FileHandler' driver.
CRITICAL - 2026-01-28 04:42:26 --> Error: Class "App\Services\VehiculoService" not found
[Method: GET, Route: Vehiculos]
in APPPATH/Controllers/Vehiculo.php on line 7.
 1 SYSTEMPATH/CodeIgniter.php(933): App\Controllers\Vehiculo->index()
 2 SYSTEMPATH/CodeIgniter.php(507): CodeIgniter\CodeIgniter->runController()
 3 SYSTEMPATH/CodeIgniter.php(354): CodeIgniter\CodeIgniter->handleRequest()
 4 SYSTEMPATH/Boot.php(363): CodeIgniter\CodeIgniter->run()
 5 SYSTEMPATH/Boot.php(68): CodeIgniter\Boot::runCodeIgniter()
 6 FCPATH/index.php(60): CodeIgniter\Boot::bootWeb()
DEBUG - 2026-01-28 04:44:37 --> Session: Class initialized using 'CodeIgniter\Session\Handlers\FileHandler' driver.
CRITICAL - 2026-01-28 04:44:37 --> Error: Class "App\Services\VehiculoService" not found
[Method: GET, Route: Vehiculos]
in APPPATH/Controllers/Vehiculo.php on line 7.
 1 SYSTEMPATH/CodeIgniter.php(933): App\Controllers\Vehiculo->index()
 2 SYSTEMPATH/CodeIgniter.php(507): CodeIgniter\CodeIgniter->runController()
 3 SYSTEMPATH/CodeIgniter.php(354): CodeIgniter\CodeIgniter->handleRequest()
 4 SYSTEMPATH/Boot.php(363): CodeIgniter\CodeIgniter->run()
 5 SYSTEMPATH/Boot.php(68): CodeIgniter\Boot::runCodeIgniter()
 6 FCPATH/index.php(60): CodeIgniter\Boot::bootWeb()
DEBUG - 2026-01-28 04:44:38 --> Session: Class initialized using 'CodeIgniter\Session\Handlers\FileHandler' driver.
CRITICAL - 2026-01-28 04:44:38 --> Error: Class "App\Services\VehiculoService" not found
[Method: GET, Route: Vehiculos]
in APPPATH/Controllers/Vehiculo.php on line 7.
 1 SYSTEMPATH/CodeIgniter.php(933): App\Controllers\Vehiculo->index()
 2 SYSTEMPATH/CodeIgniter.php(507): CodeIgniter\CodeIgniter->runController()
 3 SYSTEMPATH/CodeIgniter.php(354): CodeIgniter\CodeIgniter->handleRequest()
 4 SYSTEMPATH/Boot.php(363): CodeIgniter\CodeIgniter->run()
 5 SYSTEMPATH/Boot.php(68): CodeIgniter\Boot::runCodeIgniter()
 6 FCPATH/index.php(60): CodeIgniter\Boot::bootWeb()
DEBUG - 2026-01-28 04:44:38 --> Session: Class initialized using 'CodeIgniter\Session\Handlers\FileHandler' driver.
CRITICAL - 2026-01-28 04:44:38 --> Error: Class "App\Services\VehiculoService" not found
[Method: GET, Route: Vehiculos]
in APPPATH/Controllers/Vehiculo.php on line 7.
 1 SYSTEMPATH/CodeIgniter.php(933): App\Controllers\Vehiculo->index()
 2 SYSTEMPATH/CodeIgniter.php(507): CodeIgniter\CodeIgniter->runController()
 3 SYSTEMPATH/CodeIgniter.php(354): CodeIgniter\CodeIgniter->handleRequest()
 4 SYSTEMPATH/Boot.php(363): CodeIgniter\CodeIgniter->run()
 5 SYSTEMPATH/Boot.php(68): CodeIgniter\Boot::runCodeIgniter()
 6 FCPATH/index.php(60): CodeIgniter\Boot::bootWeb()
DEBUG - 2026-01-28 04:44:39 --> Session: Class initialized using 'CodeIgniter\Session\Handlers\FileHandler' driver.
CRITICAL - 2026-01-28 04:44:39 --> Error: Class "App\Services\VehiculoService" not found
[Method: GET, Route: Vehiculos]
in APPPATH/Controllers/Vehiculo.php on line 7.
 1 SYSTEMPATH/CodeIgniter.php(933): App\Controllers\Vehiculo->index()
 2 SYSTEMPATH/CodeIgniter.php(507): CodeIgniter\CodeIgniter->runController()
 3 SYSTEMPATH/CodeIgniter.php(354): CodeIgniter\CodeIgniter->handleRequest()
 4 SYSTEMPATH/Boot.php(363): CodeIgniter\CodeIgniter->run()
 5 SYSTEMPATH/Boot.php(68): CodeIgniter\Boot::runCodeIgniter()
 6 FCPATH/index.php(60): CodeIgniter\Boot::bootWeb()
DEBUG - 2026-01-28 04:45:49 --> Session: Class initialized using 'CodeIgniter\Session\Handlers\FileHandler' driver.
CRITICAL - 2026-01-28 04:45:49 --> Error: Class "App\Services\VehiculoService" not found
[Method: GET, Route: Vehiculos]
in APPPATH/Controllers/Vehiculo.php on line 10.
 1 SYSTEMPATH/CodeIgniter.php(933): App\Controllers\Vehiculo->index()
 2 SYSTEMPATH/CodeIgniter.php(507): CodeIgniter\CodeIgniter->runController()
 3 SYSTEMPATH/CodeIgniter.php(354): CodeIgniter\CodeIgniter->handleRequest()
 4 SYSTEMPATH/Boot.php(363): CodeIgniter\CodeIgniter->run()
 5 SYSTEMPATH/Boot.php(68): CodeIgniter\Boot::runCodeIgniter()
 6 FCPATH/index.php(60): CodeIgniter\Boot::bootWeb()
DEBUG - 2026-01-28 04:45:50 --> Session: Class initialized using 'CodeIgniter\Session\Handlers\FileHandler' driver.
CRITICAL - 2026-01-28 04:45:50 --> Error: Class "App\Services\VehiculoService" not found
[Method: GET, Route: Vehiculos]
in APPPATH/Controllers/Vehiculo.php on line 10.
 1 SYSTEMPATH/CodeIgniter.php(933): App\Controllers\Vehiculo->index()
 2 SYSTEMPATH/CodeIgniter.php(507): CodeIgniter\CodeIgniter->runController()
 3 SYSTEMPATH/CodeIgniter.php(354): CodeIgniter\CodeIgniter->handleRequest()
 4 SYSTEMPATH/Boot.php(363): CodeIgniter\CodeIgniter->run()
 5 SYSTEMPATH/Boot.php(68): CodeIgniter\Boot::runCodeIgniter()
 6 FCPATH/index.php(60): CodeIgniter\Boot::bootWeb()
DEBUG - 2026-01-28 04:45:50 --> Session: Class initialized using 'CodeIgniter\Session\Handlers\FileHandler' driver.
CRITICAL - 2026-01-28 04:45:50 --> Error: Class "App\Services\VehiculoService" not found
[Method: GET, Route: Vehiculos]
in APPPATH/Controllers/Vehiculo.php on line 10.
 1 SYSTEMPATH/CodeIgniter.php(933): App\Controllers\Vehiculo->index()
 2 SYSTEMPATH/CodeIgniter.php(507): CodeIgniter\CodeIgniter->runController()
 3 SYSTEMPATH/CodeIgniter.php(354): CodeIgniter\CodeIgniter->handleRequest()
 4 SYSTEMPATH/Boot.php(363): CodeIgniter\CodeIgniter->run()
 5 SYSTEMPATH/Boot.php(68): CodeIgniter\Boot::runCodeIgniter()
 6 FCPATH/index.php(60): CodeIgniter\Boot::bootWeb()
DEBUG - 2026-01-28 04:45:50 --> Session: Class initialized using 'CodeIgniter\Session\Handlers\FileHandler' driver.
CRITICAL - 2026-01-28 04:45:50 --> Error: Class "App\Services\VehiculoService" not found
[Method: GET, Route: Vehiculos]
in APPPATH/Controllers/Vehiculo.php on line 10.
 1 SYSTEMPATH/CodeIgniter.php(933): App\Controllers\Vehiculo->index()
 2 SYSTEMPATH/CodeIgniter.php(507): CodeIgniter\CodeIgniter->runController()
 3 SYSTEMPATH/CodeIgniter.php(354): CodeIgniter\CodeIgniter->handleRequest()
 4 SYSTEMPATH/Boot.php(363): CodeIgniter\CodeIgniter->run()
 5 SYSTEMPATH/Boot.php(68): CodeIgniter\Boot::runCodeIgniter()
 6 FCPATH/index.php(60): CodeIgniter\Boot::bootWeb()
DEBUG - 2026-01-28 04:45:50 --> Session: Class initialized using 'CodeIgniter\Session\Handlers\FileHandler' driver.
CRITICAL - 2026-01-28 04:45:50 --> Error: Class "App\Services\VehiculoService" not found
[Method: GET, Route: Vehiculos]
in APPPATH/Controllers/Vehiculo.php on line 10.
 1 SYSTEMPATH/CodeIgniter.php(933): App\Controllers\Vehiculo->index()
 2 SYSTEMPATH/CodeIgniter.php(507): CodeIgniter\CodeIgniter->runController()
 3 SYSTEMPATH/CodeIgniter.php(354): CodeIgniter\CodeIgniter->handleRequest()
 4 SYSTEMPATH/Boot.php(363): CodeIgniter\CodeIgniter->run()
 5 SYSTEMPATH/Boot.php(68): CodeIgniter\Boot::runCodeIgniter()
 6 FCPATH/index.php(60): CodeIgniter\Boot::bootWeb()
DEBUG - 2026-01-28 04:45:51 --> Session: Class initialized using 'CodeIgniter\Session\Handlers\FileHandler' driver.
CRITICAL - 2026-01-28 04:45:51 --> Error: Class "App\Services\VehiculoService" not found
[Method: GET, Route: Vehiculos]
in APPPATH/Controllers/Vehiculo.php on line 10.
 1 SYSTEMPATH/CodeIgniter.php(933): App\Controllers\Vehiculo->index()
 2 SYSTEMPATH/CodeIgniter.php(507): CodeIgniter\CodeIgniter->runController()
 3 SYSTEMPATH/CodeIgniter.php(354): CodeIgniter\CodeIgniter->handleRequest()
 4 SYSTEMPATH/Boot.php(363): CodeIgniter\CodeIgniter->run()
 5 SYSTEMPATH/Boot.php(68): CodeIgniter\Boot::runCodeIgniter()
 6 FCPATH/index.php(60): CodeIgniter\Boot::bootWeb()
DEBUG - 2026-01-28 04:45:51 --> Session: Class initialized using 'CodeIgniter\Session\Handlers\FileHandler' driver.
CRITICAL - 2026-01-28 04:45:51 --> Error: Class "App\Services\VehiculoService" not found
[Method: GET, Route: Vehiculos]
in APPPATH/Controllers/Vehiculo.php on line 10.
 1 SYSTEMPATH/CodeIgniter.php(933): App\Controllers\Vehiculo->index()
 2 SYSTEMPATH/CodeIgniter.php(507): CodeIgniter\CodeIgniter->runController()
 3 SYSTEMPATH/CodeIgniter.php(354): CodeIgniter\CodeIgniter->handleRequest()
 4 SYSTEMPATH/Boot.php(363): CodeIgniter\CodeIgniter->run()
 5 SYSTEMPATH/Boot.php(68): CodeIgniter\Boot::runCodeIgniter()
 6 FCPATH/index.php(60): CodeIgniter\Boot::bootWeb()
DEBUG - 2026-01-28 04:45:51 --> Session: Class initialized using 'CodeIgniter\Session\Handlers\FileHandler' driver.
CRITICAL - 2026-01-28 04:45:51 --> Error: Class "App\Services\VehiculoService" not found
[Method: GET, Route: Vehiculos]
in APPPATH/Controllers/Vehiculo.php on line 10.
 1 SYSTEMPATH/CodeIgniter.php(933): App\Controllers\Vehiculo->index()
 2 SYSTEMPATH/CodeIgniter.php(507): CodeIgniter\CodeIgniter->runController()
 3 SYSTEMPATH/CodeIgniter.php(354): CodeIgniter\CodeIgniter->handleRequest()
 4 SYSTEMPATH/Boot.php(363): CodeIgniter\CodeIgniter->run()
 5 SYSTEMPATH/Boot.php(68): CodeIgniter\Boot::runCodeIgniter()
 6 FCPATH/index.php(60): CodeIgniter\Boot::bootWeb()
DEBUG - 2026-01-28 04:45:52 --> Session: Class initialized using 'CodeIgniter\Session\Handlers\FileHandler' driver.
CRITICAL - 2026-01-28 04:45:52 --> Error: Class "App\Services\VehiculoService" not found
[Method: GET, Route: Vehiculos]
in APPPATH/Controllers/Vehiculo.php on line 10.
 1 SYSTEMPATH/CodeIgniter.php(933): App\Controllers\Vehiculo->index()
 2 SYSTEMPATH/CodeIgniter.php(507): CodeIgniter\CodeIgniter->runController()
 3 SYSTEMPATH/CodeIgniter.php(354): CodeIgniter\CodeIgniter->handleRequest()
 4 SYSTEMPATH/Boot.php(363): CodeIgniter\CodeIgniter->run()
 5 SYSTEMPATH/Boot.php(68): CodeIgniter\Boot::runCodeIgniter()
 6 FCPATH/index.php(60): CodeIgniter\Boot::bootWeb()
DEBUG - 2026-01-28 04:45:52 --> Session: Class initialized using 'CodeIgniter\Session\Handlers\FileHandler' driver.
CRITICAL - 2026-01-28 04:45:52 --> Error: Class "App\Services\VehiculoService" not found
[Method: GET, Route: Vehiculos]
in APPPATH/Controllers/Vehiculo.php on line 10.
 1 SYSTEMPATH/CodeIgniter.php(933): App\Controllers\Vehiculo->index()
 2 SYSTEMPATH/CodeIgniter.php(507): CodeIgniter\CodeIgniter->runController()
 3 SYSTEMPATH/CodeIgniter.php(354): CodeIgniter\CodeIgniter->handleRequest()
 4 SYSTEMPATH/Boot.php(363): CodeIgniter\CodeIgniter->run()
 5 SYSTEMPATH/Boot.php(68): CodeIgniter\Boot::runCodeIgniter()
 6 FCPATH/index.php(60): CodeIgniter\Boot::bootWeb()
DEBUG - 2026-01-28 04:49:50 --> Session: Class initialized using 'CodeIgniter\Session\Handlers\FileHandler' driver.
CRITICAL - 2026-01-28 04:50:36 --> ArgumentCountError: Too few arguments to function App\Controllers\Vehiculo::edit(), 0 passed in /var/www/html/ci4/system/CodeIgniter.php on line 933 and exactly 1 expected
[Method: GET, Route: Vehiculos/edit/1]
in APPPATH/Controllers/Vehiculo.php on line 24.
 1 SYSTEMPATH/CodeIgniter.php(933): App\Controllers\Vehiculo->edit()
 2 SYSTEMPATH/CodeIgniter.php(507): CodeIgniter\CodeIgniter->runController()
 3 SYSTEMPATH/CodeIgniter.php(354): CodeIgniter\CodeIgniter->handleRequest()
 4 SYSTEMPATH/Boot.php(363): CodeIgniter\CodeIgniter->run()
 5 SYSTEMPATH/Boot.php(68): CodeIgniter\Boot::runCodeIgniter()
 6 FCPATH/index.php(60): CodeIgniter\Boot::bootWeb()
DEBUG - 2026-01-28 04:54:34 --> Session: Class initialized using 'CodeIgniter\Session\Handlers\FileHandler' driver.
CRITICAL - 2026-01-28 04:54:34 --> Error: Undefined constant "session"
[Method: GET, Route: admin/logout]
in APPPATH/Controllers/Admin.php on line 11.
 1 SYSTEMPATH/CodeIgniter.php(933): App\Controllers\Admin->logout()
 2 SYSTEMPATH/CodeIgniter.php(507): CodeIgniter\CodeIgniter->runController()
 3 SYSTEMPATH/CodeIgniter.php(354): CodeIgniter\CodeIgniter->handleRequest()
 4 SYSTEMPATH/Boot.php(363): CodeIgniter\CodeIgniter->run()
 5 SYSTEMPATH/Boot.php(68): CodeIgniter\Boot::runCodeIgniter()
 6 FCPATH/index.php(60): CodeIgniter\Boot::bootWeb()
DEBUG - 2026-01-28 04:55:26 --> Session: Class initialized using 'CodeIgniter\Session\Handlers\FileHandler' driver.
DEBUG - 2026-01-28 04:59:22 --> Session: Class initialized using 'CodeIgniter\Session\Handlers\FileHandler' driver.
DEBUG - 2026-01-28 05:00:30 --> Session: Class initialized using 'CodeIgniter\Session\Handlers\FileHandler' driver.
CRITICAL - 2026-01-28 05:00:30 --> TypeError: App\Controllers\Prueba::index(): Return value must be of type string, none returned
[Method: GET, Route: prueba]
in APPPATH/Controllers/Prueba.php on line 8.
 1 SYSTEMPATH/CodeIgniter.php(933): App\Controllers\Prueba->index()
 2 SYSTEMPATH/CodeIgniter.php(507): CodeIgniter\CodeIgniter->runController()
 3 SYSTEMPATH/CodeIgniter.php(354): CodeIgniter\CodeIgniter->handleRequest()
 4 SYSTEMPATH/Boot.php(363): CodeIgniter\CodeIgniter->run()
 5 SYSTEMPATH/Boot.php(68): CodeIgniter\Boot::runCodeIgniter()
 6 FCPATH/index.php(60): CodeIgniter\Boot::bootWeb()
DEBUG - 2026-01-28 05:00:43 --> Session: Class initialized using 'CodeIgniter\Session\Handlers\FileHandler' driver.
DEBUG - 2026-01-28 05:00:51 --> Session: Class initialized using 'CodeIgniter\Session\Handlers\FileHandler' driver.
DEBUG - 2026-01-28 05:02:26 --> Session: Class initialized using 'CodeIgniter\Session\Handlers\FileHandler' driver.
DEBUG - 2026-01-28 05:04:32 --> Session: Class initialized using 'CodeIgniter\Session\Handlers\FileHandler' driver.
DEBUG - 2026-01-28 05:04:41 --> Session: Class initialized using 'CodeIgniter\Session\Handlers\FileHandler' driver.
DEBUG - 2026-01-28 05:05:45 --> Session: Class initialized using 'CodeIgniter\Session\Handlers\FileHandler' driver.
DEBUG - 2026-01-28 05:06:43 --> Session: Class initialized using 'CodeIgniter\Session\Handlers\FileHandler' driver.
DEBUG - 2026-01-28 05:06:50 --> Session: Class initialized using 'CodeIgniter\Session\Handlers\FileHandler' driver.
DEBUG - 2026-01-28 05:07:03 --> Session: Class initialized using 'CodeIgniter\Session\Handlers\FileHandler' driver.
DEBUG - 2026-01-28 18:40:39 --> Session: Class initialized using 'CodeIgniter\Session\Handlers\FileHandler' driver.
DEBUG - 2026-01-28 18:40:53 --> Session: Class initialized using 'CodeIgniter\Session\Handlers\FileHandler' driver.
DEBUG - 2026-01-28 18:41:04 --> Session: Class initialized using 'CodeIgniter\Session\Handlers\FileHandler' driver.
DEBUG - 2026-01-28 18:42:17 --> Session: Class initialized using 'CodeIgniter\Session\Handlers\FileHandler' driver.
DEBUG - 2026-01-28 18:42:43 --> Session: Class initialized using 'CodeIgniter\Session\Handlers\FileHandler' driver.
DEBUG - 2026-01-28 18:43:04 --> Session: Class initialized using 'CodeIgniter\Session\Handlers\FileHandler' driver.
DEBUG - 2026-01-28 18:43:25 --> Session: Class initialized using 'CodeIgniter\Session\Handlers\FileHandler' driver.
DEBUG - 2026-01-28 18:43:49 --> Session: Class initialized using 'CodeIgniter\Session\Handlers\FileHandler' driver.
DEBUG - 2026-01-28 18:44:36 --> Session: Class initialized using 'CodeIgniter\Session\Handlers\FileHandler' driver.
DEBUG - 2026-01-28 18:44:44 --> Session: Class initialized using 'CodeIgniter\Session\Handlers\FileHandler' driver.
DEBUG - 2026-01-28 18:44:49 --> Session: Class initialized using 'CodeIgniter\Session\Handlers\FileHandler' driver.
DEBUG - 2026-01-28 18:44:54 --> Session: Class initialized using 'CodeIgniter\Session\Handlers\FileHandler' driver.
DEBUG - 2026-01-28 18:54:34 --> Session: Class initialized using 'CodeIgniter\Session\Handlers\FileHandler' driver.
DEBUG - 2026-01-28 18:54:40 --> Session: Class initialized using 'CodeIgniter\Session\Handlers\FileHandler' driver.
DEBUG - 2026-01-28 18:54:55 --> Session: Class initialized using 'CodeIgniter\Session\Handlers\FileHandler' driver.
DEBUG - 2026-01-28 19:44:38 --> Session: Class initialized using 'CodeIgniter\Session\Handlers\FileHandler' driver.
DEBUG - 2026-01-28 19:44:48 --> Session: Class initialized using 'CodeIgniter\Session\Handlers\FileHandler' driver.
DEBUG - 2026-01-28 19:44:53 --> Session: Class initialized using 'CodeIgniter\Session\Handlers\FileHandler' driver.
DEBUG - 2026-01-28 20:06:24 --> Session: Class initialized using 'CodeIgniter\Session\Handlers\FileHandler' driver.
DEBUG - 2026-01-28 20:07:40 --> Session: Class initialized using 'CodeIgniter\Session\Handlers\FileHandler' driver.
DEBUG - 2026-01-28 20:07:47 --> Session: Class initialized using 'CodeIgniter\Session\Handlers\FileHandler' driver.
DEBUG - 2026-01-28 20:07:54 --> Session: Class initialized using 'CodeIgniter\Session\Handlers\FileHandler' driver.
DEBUG - 2026-01-28 20:07:55 --> Session: Class initialized using 'CodeIgniter\Session\Handlers\FileHandler' driver.
DEBUG - 2026-01-28 20:08:00 --> Session: Class initialized using 'CodeIgniter\Session\Handlers\FileHandler' driver.
DEBUG - 2026-01-28 20:08:02 --> Session: Class initialized using 'CodeIgniter\Session\Handlers\FileHandler' driver.
DEBUG - 2026-01-28 20:08:14 --> Session: Class initialized using 'CodeIgniter\Session\Handlers\FileHandler' driver.
DEBUG - 2026-01-28 20:08:55 --> Session: Class initialized using 'CodeIgniter\Session\Handlers\FileHandler' driver.
DEBUG - 2026-01-28 20:09:41 --> Session: Class initialized using 'CodeIgniter\Session\Handlers\FileHandler' driver.
DEBUG - 2026-01-28 20:09:59 --> Session: Class initialized using 'CodeIgniter\Session\Handlers\FileHandler' driver.
DEBUG - 2026-01-28 20:10:34 --> Session: Class initialized using 'CodeIgniter\Session\Handlers\FileHandler' driver.
DEBUG - 2026-01-28 20:10:35 --> Session: Class initialized using 'CodeIgniter\Session\Handlers\FileHandler' driver.
DEBUG - 2026-01-28 20:11:09 --> Session: Class initialized using 'CodeIgniter\Session\Handlers\FileHandler' driver.
DEBUG - 2026-01-28 20:11:29 --> Session: Class initialized using 'CodeIgniter\Session\Handlers\FileHandler' driver.
DEBUG - 2026-01-28 20:11:57 --> Session: Class initialized using 'CodeIgniter\Session\Handlers\FileHandler' driver.
DEBUG - 2026-01-28 20:12:34 --> Session: Class initialized using 'CodeIgniter\Session\Handlers\FileHandler' driver.
DEBUG - 2026-01-28 20:59:06 --> Session: Class initialized using 'CodeIgniter\Session\Handlers\FileHandler' driver.
DEBUG - 2026-01-28 20:59:28 --> Session: Class initialized using 'CodeIgniter\Session\Handlers\FileHandler' driver.
DEBUG - 2026-01-28 20:59:40 --> Session: Class initialized using 'CodeIgniter\Session\Handlers\FileHandler' driver.
DEBUG - 2026-01-28 20:59:51 --> Session: Class initialized using 'CodeIgniter\Session\Handlers\FileHandler' driver.
DEBUG - 2026-01-28 20:59:56 --> Session: Class initialized using 'CodeIgniter\Session\Handlers\FileHandler' driver.
DEBUG - 2026-01-28 21:00:05 --> Session: Class initialized using 'CodeIgniter\Session\Handlers\FileHandler' driver.
DEBUG - 2026-01-28 21:00:20 --> Session: Class initialized using 'CodeIgniter\Session\Handlers\FileHandler' driver.
DEBUG - 2026-01-28 21:00:21 --> Session: Class initialized using 'CodeIgniter\Session\Handlers\FileHandler' driver.
DEBUG - 2026-01-28 21:01:08 --> Session: Class initialized using 'CodeIgniter\Session\Handlers\FileHandler' driver.
CRITICAL - 2026-01-28 21:01:08 --> ErrorException: Undefined array key "marca"
[Method: GET, Route: Vehiculos/edit/3]
in APPPATH/Services/VehiculoService.php on line 68.
 1 APPPATH/Services/VehiculoService.php(68): CodeIgniter\Debug\Exceptions->errorHandler()
 2 APPPATH/Controllers/Vehiculo.php(28): App\Services\VehiculoService->getVehiculoById()
 3 SYSTEMPATH/CodeIgniter.php(933): App\Controllers\Vehiculo->edit()
 4 SYSTEMPATH/CodeIgniter.php(507): CodeIgniter\CodeIgniter->runController()
 5 SYSTEMPATH/CodeIgniter.php(354): CodeIgniter\CodeIgniter->handleRequest()
 6 SYSTEMPATH/Boot.php(363): CodeIgniter\CodeIgniter->run()
 7 SYSTEMPATH/Boot.php(68): CodeIgniter\Boot::runCodeIgniter()
 8 FCPATH/index.php(60): CodeIgniter\Boot::bootWeb()
DEBUG - 2026-01-28 21:01:09 --> Session: Class initialized using 'CodeIgniter\Session\Handlers\FileHandler' driver.
CRITICAL - 2026-01-28 21:01:09 --> ErrorException: Undefined array key "marca"
[Method: GET, Route: Vehiculos/edit/3]
in APPPATH/Services/VehiculoService.php on line 68.
 1 APPPATH/Services/VehiculoService.php(68): CodeIgniter\Debug\Exceptions->errorHandler()
 2 APPPATH/Controllers/Vehiculo.php(28): App\Services\VehiculoService->getVehiculoById()
 3 SYSTEMPATH/CodeIgniter.php(933): App\Controllers\Vehiculo->edit()
 4 SYSTEMPATH/CodeIgniter.php(507): CodeIgniter\CodeIgniter->runController()
 5 SYSTEMPATH/CodeIgniter.php(354): CodeIgniter\CodeIgniter->handleRequest()
 6 SYSTEMPATH/Boot.php(363): CodeIgniter\CodeIgniter->run()
 7 SYSTEMPATH/Boot.php(68): CodeIgniter\Boot::runCodeIgniter()
 8 FCPATH/index.php(60): CodeIgniter\Boot::bootWeb()
DEBUG - 2026-01-28 21:01:39 --> Session: Class initialized using 'CodeIgniter\Session\Handlers\FileHandler' driver.
CRITICAL - 2026-01-28 21:01:39 --> ErrorException: Undefined array key ""
[Method: GET, Route: Vehiculos/edit/3]
in APPPATH/Services/VehiculoService.php on line 68.
 1 APPPATH/Services/VehiculoService.php(68): CodeIgniter\Debug\Exceptions->errorHandler()
 2 APPPATH/Controllers/Vehiculo.php(28): App\Services\VehiculoService->getVehiculoById()
 3 SYSTEMPATH/CodeIgniter.php(933): App\Controllers\Vehiculo->edit()
 4 SYSTEMPATH/CodeIgniter.php(507): CodeIgniter\CodeIgniter->runController()
 5 SYSTEMPATH/CodeIgniter.php(354): CodeIgniter\CodeIgniter->handleRequest()
 6 SYSTEMPATH/Boot.php(363): CodeIgniter\CodeIgniter->run()
 7 SYSTEMPATH/Boot.php(68): CodeIgniter\Boot::runCodeIgniter()
 8 FCPATH/index.php(60): CodeIgniter\Boot::bootWeb()
DEBUG - 2026-01-28 21:01:39 --> Session: Class initialized using 'CodeIgniter\Session\Handlers\FileHandler' driver.
CRITICAL - 2026-01-28 21:01:39 --> ErrorException: Undefined array key ""
[Method: GET, Route: Vehiculos/edit/3]
in APPPATH/Services/VehiculoService.php on line 68.
 1 APPPATH/Services/VehiculoService.php(68): CodeIgniter\Debug\Exceptions->errorHandler()
 2 APPPATH/Controllers/Vehiculo.php(28): App\Services\VehiculoService->getVehiculoById()
 3 SYSTEMPATH/CodeIgniter.php(933): App\Controllers\Vehiculo->edit()
 4 SYSTEMPATH/CodeIgniter.php(507): CodeIgniter\CodeIgniter->runController()
 5 SYSTEMPATH/CodeIgniter.php(354): CodeIgniter\CodeIgniter->handleRequest()
 6 SYSTEMPATH/Boot.php(363): CodeIgniter\CodeIgniter->run()
 7 SYSTEMPATH/Boot.php(68): CodeIgniter\Boot::runCodeIgniter()
 8 FCPATH/index.php(60): CodeIgniter\Boot::bootWeb()
DEBUG - 2026-01-28 21:01:44 --> Session: Class initialized using 'CodeIgniter\Session\Handlers\FileHandler' driver.
DEBUG - 2026-01-28 21:02:08 --> Session: Class initialized using 'CodeIgniter\Session\Handlers\FileHandler' driver.
CRITICAL - 2026-01-28 21:02:08 --> ErrorException: Undefined array key "marca"
[Method: GET, Route: Vehiculos/edit/3]
in APPPATH/Services/VehiculoService.php on line 68.
 1 APPPATH/Services/VehiculoService.php(68): CodeIgniter\Debug\Exceptions->errorHandler()
 2 APPPATH/Controllers/Vehiculo.php(28): App\Services\VehiculoService->getVehiculoById()
 3 SYSTEMPATH/CodeIgniter.php(933): App\Controllers\Vehiculo->edit()
 4 SYSTEMPATH/CodeIgniter.php(507): CodeIgniter\CodeIgniter->runController()
 5 SYSTEMPATH/CodeIgniter.php(354): CodeIgniter\CodeIgniter->handleRequest()
 6 SYSTEMPATH/Boot.php(363): CodeIgniter\CodeIgniter->run()
 7 SYSTEMPATH/Boot.php(68): CodeIgniter\Boot::runCodeIgniter()
 8 FCPATH/index.php(60): CodeIgniter\Boot::bootWeb()
DEBUG - 2026-01-28 21:02:09 --> Session: Class initialized using 'CodeIgniter\Session\Handlers\FileHandler' driver.
CRITICAL - 2026-01-28 21:02:09 --> ErrorException: Undefined array key "marca"
[Method: GET, Route: Vehiculos/edit/3]
in APPPATH/Services/VehiculoService.php on line 68.
 1 APPPATH/Services/VehiculoService.php(68): CodeIgniter\Debug\Exceptions->errorHandler()
 2 APPPATH/Controllers/Vehiculo.php(28): App\Services\VehiculoService->getVehiculoById()
 3 SYSTEMPATH/CodeIgniter.php(933): App\Controllers\Vehiculo->edit()
 4 SYSTEMPATH/CodeIgniter.php(507): CodeIgniter\CodeIgniter->runController()
 5 SYSTEMPATH/CodeIgniter.php(354): CodeIgniter\CodeIgniter->handleRequest()
 6 SYSTEMPATH/Boot.php(363): CodeIgniter\CodeIgniter->run()
 7 SYSTEMPATH/Boot.php(68): CodeIgniter\Boot::runCodeIgniter()
 8 FCPATH/index.php(60): CodeIgniter\Boot::bootWeb()
DEBUG - 2026-01-28 21:02:09 --> Session: Class initialized using 'CodeIgniter\Session\Handlers\FileHandler' driver.
CRITICAL - 2026-01-28 21:02:09 --> ErrorException: Undefined array key "marca"
[Method: GET, Route: Vehiculos/edit/3]
in APPPATH/Services/VehiculoService.php on line 68.
 1 APPPATH/Services/VehiculoService.php(68): CodeIgniter\Debug\Exceptions->errorHandler()
 2 APPPATH/Controllers/Vehiculo.php(28): App\Services\VehiculoService->getVehiculoById()
 3 SYSTEMPATH/CodeIgniter.php(933): App\Controllers\Vehiculo->edit()
 4 SYSTEMPATH/CodeIgniter.php(507): CodeIgniter\CodeIgniter->runController()
 5 SYSTEMPATH/CodeIgniter.php(354): CodeIgniter\CodeIgniter->handleRequest()
 6 SYSTEMPATH/Boot.php(363): CodeIgniter\CodeIgniter->run()
 7 SYSTEMPATH/Boot.php(68): CodeIgniter\Boot::runCodeIgniter()
 8 FCPATH/index.php(60): CodeIgniter\Boot::bootWeb()
DEBUG - 2026-01-28 21:02:13 --> Session: Class initialized using 'CodeIgniter\Session\Handlers\FileHandler' driver.
DEBUG - 2026-01-28 21:02:50 --> Session: Class initialized using 'CodeIgniter\Session\Handlers\FileHandler' driver.
DEBUG - 2026-01-28 21:02:56 --> Session: Class initialized using 'CodeIgniter\Session\Handlers\FileHandler' driver.
DEBUG - 2026-01-28 21:03:15 --> Session: Class initialized using 'CodeIgniter\Session\Handlers\FileHandler' driver.
DEBUG - 2026-01-28 21:03:20 --> Session: Class initialized using 'CodeIgniter\Session\Handlers\FileHandler' driver.
DEBUG - 2026-01-28 21:03:22 --> Session: Class initialized using 'CodeIgniter\Session\Handlers\FileHandler' driver.
DEBUG - 2026-01-28 21:03:22 --> Session: Class initialized using 'CodeIgniter\Session\Handlers\FileHandler' driver.
DEBUG - 2026-01-28 21:03:22 --> Session: Class initialized using 'CodeIgniter\Session\Handlers\FileHandler' driver.
DEBUG - 2026-01-28 21:03:22 --> Session: Class initialized using 'CodeIgniter\Session\Handlers\FileHandler' driver.
DEBUG - 2026-01-28 21:03:23 --> Session: Class initialized using 'CodeIgniter\Session\Handlers\FileHandler' driver.
DEBUG - 2026-01-28 21:03:23 --> Session: Class initialized using 'CodeIgniter\Session\Handlers\FileHandler' driver.
DEBUG - 2026-01-28 21:03:23 --> Session: Class initialized using 'CodeIgniter\Session\Handlers\FileHandler' driver.
DEBUG - 2026-01-28 21:03:23 --> Session: Class initialized using 'CodeIgniter\Session\Handlers\FileHandler' driver.
DEBUG - 2026-01-28 21:03:24 --> Session: Class initialized using 'CodeIgniter\Session\Handlers\FileHandler' driver.
DEBUG - 2026-01-28 21:03:27 --> Session: Class initialized using 'CodeIgniter\Session\Handlers\FileHandler' driver.
DEBUG - 2026-01-28 21:03:49 --> Session: Class initialized using 'CodeIgniter\Session\Handlers\FileHandler' driver.
DEBUG - 2026-01-28 21:06:58 --> Session: Class initialized using 'CodeIgniter\Session\Handlers\FileHandler' driver.
DEBUG - 2026-01-28 21:07:02 --> Session: Class initialized using 'CodeIgniter\Session\Handlers\FileHandler' driver.
DEBUG - 2026-01-28 21:09:24 --> Session: Class initialized using 'CodeIgniter\Session\Handlers\FileHandler' driver.
DEBUG - 2026-01-28 21:09:37 --> Session: Class initialized using 'CodeIgniter\Session\Handlers\FileHandler' driver.
DEBUG - 2026-01-28 21:10:59 --> Session: Class initialized using 'CodeIgniter\Session\Handlers\FileHandler' driver.
DEBUG - 2026-01-28 21:11:22 --> Session: Class initialized using 'CodeIgniter\Session\Handlers\FileHandler' driver.
DEBUG - 2026-01-28 21:11:28 --> Session: Class initialized using 'CodeIgniter\Session\Handlers\FileHandler' driver.
DEBUG - 2026-01-28 21:11:50 --> Session: Class initialized using 'CodeIgniter\Session\Handlers\FileHandler' driver.
DEBUG - 2026-01-28 21:12:01 --> Session: Class initialized using 'CodeIgniter\Session\Handlers\FileHandler' driver.
DEBUG - 2026-01-28 21:12:06 --> Session: Class initialized using 'CodeIgniter\Session\Handlers\FileHandler' driver.
DEBUG - 2026-01-28 21:12:12 --> Session: Class initialized using 'CodeIgniter\Session\Handlers\FileHandler' driver.
DEBUG - 2026-01-28 21:12:16 --> Session: Class initialized using 'CodeIgniter\Session\Handlers\FileHandler' driver.
DEBUG - 2026-01-28 21:16:10 --> Session: Class initialized using 'CodeIgniter\Session\Handlers\FileHandler' driver.
DEBUG - 2026-01-28 21:16:10 --> Session: Class initialized using 'CodeIgniter\Session\Handlers\FileHandler' driver.
DEBUG - 2026-01-28 21:16:11 --> Session: Class initialized using 'CodeIgniter\Session\Handlers\FileHandler' driver.
DEBUG - 2026-01-28 21:16:11 --> Session: Class initialized using 'CodeIgniter\Session\Handlers\FileHandler' driver.
DEBUG - 2026-01-28 21:16:11 --> Session: Class initialized using 'CodeIgniter\Session\Handlers\FileHandler' driver.
DEBUG - 2026-01-28 21:16:12 --> Session: Class initialized using 'CodeIgniter\Session\Handlers\FileHandler' driver.
DEBUG - 2026-01-28 21:16:12 --> Session: Class initialized using 'CodeIgniter\Session\Handlers\FileHandler' driver.
DEBUG - 2026-01-28 21:16:12 --> Session: Class initialized using 'CodeIgniter\Session\Handlers\FileHandler' driver.
DEBUG - 2026-01-28 21:16:12 --> Session: Class initialized using 'CodeIgniter\Session\Handlers\FileHandler' driver.
DEBUG - 2026-01-28 21:16:13 --> Session: Class initialized using 'CodeIgniter\Session\Handlers\FileHandler' driver.
